#
# There is insufficient memory for the Java Runtime Environment to continue.
# Native memory allocation (malloc) failed to allocate 1920976 bytes for Chunk::new
# Possible reasons:
#   The system is out of physical RAM or swap space
#   The process is running with CompressedOops enabled, and the Java Heap may be blocking the growth of the native heap
# Possible solutions:
#   Reduce memory load on the system
#   Increase physical memory or swap space
#   Check if swap backing store is full
#   Decrease Java heap size (-Xmx/-Xms)
#   Decrease number of Java threads
#   Decrease Java thread stack sizes (-Xss)
#   Set larger code cache with -XX:ReservedCodeCacheSize=
#   JVM is running with Unscaled Compressed Oops mode in which the Java heap is
#     placed in the first 4GB address space. The Java Heap base address is the
#     maximum limit for the native heap growth. Please use -XX:HeapBaseMinAddress
#     to set the Java Heap base and to place the Java Heap above 4GB virtual address.
# This output file may be truncated or incomplete.
#
#  Out of Memory Error (./src/hotspot/share/memory/arena.cpp:197), pid=7700, tid=19468
#
# JRE version: OpenJDK Runtime Environment (11.0.10) (build 11.0.10+0-b96-7249189)
# Java VM: OpenJDK 64-Bit Server VM (11.0.10+0-b96-7249189, mixed mode, tiered, compressed oops, g1 gc, windows-amd64)
# No core dump will be written. Minidumps are not enabled by default on client versions of Windows
#

---------------  S U M M A R Y ------------

Command Line: --add-opens=java.base/java.util=ALL-UNNAMED --add-opens=java.base/java.lang=ALL-UNNAMED --add-opens=java.base/java.lang.invoke=ALL-UNNAMED --add-opens=java.base/java.util=ALL-UNNAMED --add-opens=java.prefs/java.util.prefs=ALL-UNNAMED --add-opens=java.prefs/java.util.prefs=ALL-UNNAMED --add-opens=java.base/java.nio.charset=ALL-UNNAMED --add-opens=java.base/java.net=ALL-UNNAMED --add-opens=java.base/java.util.concurrent.atomic=ALL-UNNAMED -Xmx2048m -Dfile.encoding=UTF-8 -Duser.country=RU -Duser.language=ru -Duser.variant org.gradle.launcher.daemon.bootstrap.GradleDaemon 7.0.2

Host: AMD Ryzen 5 2500U with Radeon Vega Mobile Gfx  , 8 cores, 6G,  Windows 10 , 64 bit Build 18362 (10.0.18362.1500)
Time: Mon Jan  9 06:07:28 2023 RTZ 7 (ceia) elapsed time: 1672.181849 seconds (0d 0h 27m 52s)

---------------  T H R E A D  ---------------

Current thread (0x000001d77bfa3000):  JavaThread "C2 CompilerThread0" daemon [_thread_in_native, id=19468, stack(0x0000001ff7100000,0x0000001ff7200000)]


Current CompileTask:
C2:1672182 13343       4       sun.reflect.generics.parser.SignatureParser::parsePackageNameAndSimpleClassTypeSignature (119 bytes)

Stack: [0x0000001ff7100000,0x0000001ff7200000]
Native frames: (J=compiled Java code, j=interpreted, Vv=VM code, C=native code)
V  [jvm.dll+0x5ecfaa]
V  [jvm.dll+0x722bd5]
V  [jvm.dll+0x72412d]
V  [jvm.dll+0x7247e3]
V  [jvm.dll+0x242928]
V  [jvm.dll+0xbc4fc]
V  [jvm.dll+0xbca0c]
V  [jvm.dll+0x352d3b]
V  [jvm.dll+0x320ad3]
V  [jvm.dll+0x31ffca]
V  [jvm.dll+0x1fb602]
V  [jvm.dll+0x1fa7f4]
V  [jvm.dll+0x18354c]
V  [jvm.dll+0x208ee7]
V  [jvm.dll+0x207731]
V  [jvm.dll+0x6eb1cf]
V  [jvm.dll+0x6e3d45]
V  [jvm.dll+0x5ebe96]
C  [ucrtbase.dll+0x210b2]
C  [KERNEL32.DLL+0x17c24]
C  [ntdll.dll+0x6d721]


---------------  P R O C E S S  ---------------

Threads class SMR info:
_java_thread_list=0x000001d7030fbde0, length=60, elements={
0x000001d761190800, 0x000001d77b60e000, 0x000001d77b619000, 0x000001d77bf99800,
0x000001d77bf9c800, 0x000001d77bf9d800, 0x000001d77bfa3000, 0x000001d77b635800,
0x000001d77b636800, 0x000001d77c0ff800, 0x000001d77d368000, 0x000001d77dfd9000,
0x000001d77d2d6000, 0x000001d77e253800, 0x000001d77e252000, 0x000001d77e24f800,
0x000001d77e252800, 0x000001d77e254800, 0x000001d77e256000, 0x000001d77e250800,
0x000001d77e6d1800, 0x000001d77e6d0000, 0x000001d77e6d2000, 0x000001d77e6d3000,
0x000001d77e6d0800, 0x000001d77e6d4000, 0x000001d77e6da800, 0x000001d77e6d4800,
0x000001d70111d000, 0x000001d701118000, 0x000001d70111a000, 0x000001d70111b800,
0x000001d70111c800, 0x000001d70111e000, 0x000001d70111e800, 0x000001d701119000,
0x000001d70111f800, 0x000001d701123800, 0x000001d701126000, 0x000001d701122000,
0x000001d701123000, 0x000001d701124800, 0x000001d701125800, 0x000001d701120800,
0x000001d701121000, 0x000001d701127000, 0x000001d77e6ce000, 0x000001d77e6cf000,
0x000001d77e6dc000, 0x000001d77e6d7000, 0x000001d77e6d6800, 0x000001d77e6dd000,
0x000001d77e6d8800, 0x000001d77e6d8000, 0x000001d77e6d9800, 0x000001d77e251000,
0x000001d77e255000, 0x000001d706ab3000, 0x000001d706ab2000, 0x000001d706aad000
}

Java Threads: ( => current thread )
  0x000001d761190800 JavaThread "main" [_thread_blocked, id=17096, stack(0x0000001ff6500000,0x0000001ff6600000)]
  0x000001d77b60e000 JavaThread "Reference Handler" daemon [_thread_blocked, id=7120, stack(0x0000001ff6c00000,0x0000001ff6d00000)]
  0x000001d77b619000 JavaThread "Finalizer" daemon [_thread_blocked, id=29700, stack(0x0000001ff6d00000,0x0000001ff6e00000)]
  0x000001d77bf99800 JavaThread "Signal Dispatcher" daemon [_thread_blocked, id=20492, stack(0x0000001ff6e00000,0x0000001ff6f00000)]
  0x000001d77bf9c800 JavaThread "Attach Listener" daemon [_thread_blocked, id=6784, stack(0x0000001ff6f00000,0x0000001ff7000000)]
  0x000001d77bf9d800 JavaThread "Service Thread" daemon [_thread_blocked, id=10888, stack(0x0000001ff7000000,0x0000001ff7100000)]
=>0x000001d77bfa3000 JavaThread "C2 CompilerThread0" daemon [_thread_in_native, id=19468, stack(0x0000001ff7100000,0x0000001ff7200000)]
  0x000001d77b635800 JavaThread "C1 CompilerThread0" daemon [_thread_blocked, id=30668, stack(0x0000001ff7200000,0x0000001ff7300000)]
  0x000001d77b636800 JavaThread "Sweeper thread" daemon [_thread_blocked, id=37032, stack(0x0000001ff7300000,0x0000001ff7400000)]
  0x000001d77c0ff800 JavaThread "Common-Cleaner" daemon [_thread_blocked, id=37424, stack(0x0000001ff7400000,0x0000001ff7500000)]
  0x000001d77d368000 JavaThread "Daemon health stats" [_thread_blocked, id=24004, stack(0x0000001ff7700000,0x0000001ff7800000)]
  0x000001d77dfd9000 JavaThread "Incoming local TCP Connector on port 50697" [_thread_in_native, id=37360, stack(0x0000001ff7800000,0x0000001ff7900000)]
  0x000001d77d2d6000 JavaThread "Daemon periodic checks" [_thread_blocked, id=18048, stack(0x0000001ff7900000,0x0000001ff7a00000)]
  0x000001d77e253800 JavaThread "Cache worker for file hash cache (C:\Users\HONOR\.gradle\caches\7.0.2\fileHashes)" [_thread_blocked, id=6720, stack(0x0000001ff8700000,0x0000001ff8800000)]
  0x000001d77e252000 JavaThread "File lock request listener" [_thread_in_native, id=19012, stack(0x0000001ff8800000,0x0000001ff8900000)]
  0x000001d77e24f800 JavaThread "Cache worker for journal cache (C:\Users\HONOR\.gradle\caches\journal-1)" [_thread_blocked, id=20156, stack(0x0000001ff8a00000,0x0000001ff8b00000)]
  0x000001d77e252800 JavaThread "File watcher server" daemon [_thread_in_native, id=21680, stack(0x0000001ff8c00000,0x0000001ff8d00000)]
  0x000001d77e254800 JavaThread "File watcher consumer" daemon [_thread_blocked, id=25644, stack(0x0000001ff8d00000,0x0000001ff8e00000)]
  0x000001d77e256000 JavaThread "jar transforms" [_thread_blocked, id=10776, stack(0x0000001ff8e00000,0x0000001ff8f00000)]
  0x000001d77e250800 JavaThread "jar transforms Thread 2" [_thread_blocked, id=24896, stack(0x0000001ff8f00000,0x0000001ff9000000)]
  0x000001d77e6d1800 JavaThread "jar transforms Thread 3" [_thread_blocked, id=24568, stack(0x0000001ff9000000,0x0000001ff9100000)]
  0x000001d77e6d0000 JavaThread "jar transforms Thread 4" [_thread_blocked, id=12556, stack(0x0000001ff9100000,0x0000001ff9200000)]
  0x000001d77e6d2000 JavaThread "jar transforms Thread 5" [_thread_blocked, id=14504, stack(0x0000001ff9200000,0x0000001ff9300000)]
  0x000001d77e6d3000 JavaThread "jar transforms Thread 6" [_thread_blocked, id=6976, stack(0x0000001ff9300000,0x0000001ff9400000)]
  0x000001d77e6d0800 JavaThread "jar transforms Thread 7" [_thread_blocked, id=4948, stack(0x0000001ff9400000,0x0000001ff9500000)]
  0x000001d77e6d4000 JavaThread "jar transforms Thread 8" [_thread_blocked, id=26704, stack(0x0000001ff9500000,0x0000001ff9600000)]
  0x000001d77e6da800 JavaThread "Cache worker for execution history cache (C:\Users\HONOR\.gradle\caches\7.0.2\executionHistory)" [_thread_blocked, id=7024, stack(0x0000001ff9900000,0x0000001ff9a00000)]
  0x000001d77e6d4800 JavaThread "Cache worker for file content cache (C:\Users\HONOR\.gradle\caches\7.0.2\fileContent)" [_thread_blocked, id=17784, stack(0x0000001ff9a00000,0x0000001ff9b00000)]
  0x000001d70111d000 JavaThread "Memory manager" [_thread_blocked, id=33964, stack(0x0000001ffa500000,0x0000001ffa600000)]
  0x000001d701118000 JavaThread "Daemon Thread 2" [_thread_blocked, id=37900, stack(0x0000001ff6200000,0x0000001ff6300000)]
  0x000001d70111a000 JavaThread "Handler for socket connection from /127.0.0.1:50697 to /127.0.0.1:51049" [_thread_in_native, id=1508, stack(0x0000001ff6300000,0x0000001ff6400000)]
  0x000001d70111b800 JavaThread "Cancel handler" [_thread_blocked, id=34924, stack(0x0000001ff6400000,0x0000001ff6500000)]
  0x000001d70111c800 JavaThread "Daemon worker Thread 2" [_thread_blocked, id=7036, stack(0x0000001ff7a00000,0x0000001ff7b00000)]
  0x000001d70111e000 JavaThread "Asynchronous log dispatcher for DefaultDaemonConnection: socket connection from /127.0.0.1:50697 to /127.0.0.1:51049" [_thread_blocked, id=21088, stack(0x0000001ff7b00000,0x0000001ff7c00000)]
  0x000001d70111e800 JavaThread "Stdin handler" [_thread_blocked, id=14064, stack(0x0000001ff7c00000,0x0000001ff7d00000)]
  0x000001d701119000 JavaThread "Daemon client event forwarder" [_thread_blocked, id=4576, stack(0x0000001ff7d00000,0x0000001ff7e00000)]
  0x000001d70111f800 JavaThread "Cache worker for file hash cache (C:\Users\HONOR\AndroidStudioProjects\Games\.gradle\7.0.2\fileHashes)" [_thread_blocked, id=19732, stack(0x0000001ff7e00000,0x0000001ff7f00000)]
  0x000001d701123800 JavaThread "Cache worker for checksums cache (C:\Users\HONOR\AndroidStudioProjects\Games\.gradle\checksums)" [_thread_blocked, id=2748, stack(0x0000001ff7f00000,0x0000001ff8000000)]
  0x000001d701126000 JavaThread "Cache worker for cache directory md-supplier (C:\Users\HONOR\.gradle\caches\7.0.2\md-supplier)" [_thread_blocked, id=19628, stack(0x0000001ff8000000,0x0000001ff8100000)]
  0x000001d701122000 JavaThread "Cache worker for cache directory md-rule (C:\Users\HONOR\.gradle\caches\7.0.2\md-rule)" [_thread_blocked, id=24660, stack(0x0000001ff8b00000,0x0000001ff8c00000)]
  0x000001d701123000 JavaThread "Cache worker for dependencies-accessors (C:\Users\HONOR\AndroidStudioProjects\Games\.gradle\7.0.2\dependencies-accessors)" [_thread_blocked, id=5688, stack(0x0000001ff9600000,0x0000001ff9700000)]
  0x000001d701124800 JavaThread "Cache worker for Build Output Cleanup Cache (C:\Users\HONOR\AndroidStudioProjects\Games\.gradle\buildOutputCleanup)" [_thread_blocked, id=27860, stack(0x0000001ff9700000,0x0000001ff9800000)]
  0x000001d701125800 JavaThread "Build operations" [_thread_in_Java, id=19916, stack(0x0000001ff9800000,0x0000001ff9900000)]
  0x000001d701120800 JavaThread "Build operations Thread 2" [_thread_in_Java, id=32296, stack(0x0000001ff9b00000,0x0000001ff9c00000)]
  0x000001d701121000 JavaThread "Build operations Thread 3" [_thread_blocked, id=33760, stack(0x0000001ff9c00000,0x0000001ff9d00000)]
  0x000001d701127000 JavaThread "Build operations Thread 4" [_thread_blocked, id=26812, stack(0x0000001ff9d00000,0x0000001ff9e00000)]
  0x000001d77e6ce000 JavaThread "Build operations Thread 5" [_thread_blocked, id=36452, stack(0x0000001ff9e00000,0x0000001ff9f00000)]
  0x000001d77e6cf000 JavaThread "Build operations Thread 6" [_thread_blocked, id=20796, stack(0x0000001ff9f00000,0x0000001ffa000000)]
  0x000001d77e6dc000 JavaThread "Build operations Thread 7" [_thread_blocked, id=9532, stack(0x0000001ffa000000,0x0000001ffa100000)]
  0x000001d77e6d7000 JavaThread "Build operations Thread 8" [_thread_blocked, id=18336, stack(0x0000001ffa100000,0x0000001ffa200000)]
  0x000001d77e6d6800 JavaThread "build event listener" [_thread_blocked, id=10464, stack(0x0000001ffa300000,0x0000001ffa400000)]
  0x000001d77e6dd000 JavaThread "Execution worker for ':'" [_thread_blocked, id=40300, stack(0x0000001ffa400000,0x0000001ffa500000)]
  0x000001d77e6d8800 JavaThread "Execution worker for ':' Thread 2" [_thread_blocked, id=10860, stack(0x0000001ffa600000,0x0000001ffa700000)]
  0x000001d77e6d8000 JavaThread "Execution worker for ':' Thread 3" [_thread_blocked, id=10196, stack(0x0000001ffa700000,0x0000001ffa800000)]
  0x000001d77e6d9800 JavaThread "Execution worker for ':' Thread 4" [_thread_blocked, id=36828, stack(0x0000001ffa800000,0x0000001ffa900000)]
  0x000001d77e251000 JavaThread "Execution worker for ':' Thread 5" [_thread_blocked, id=3380, stack(0x0000001ffa900000,0x0000001ffaa00000)]
  0x000001d77e255000 JavaThread "Execution worker for ':' Thread 6" [_thread_blocked, id=39660, stack(0x0000001ffaa00000,0x0000001ffab00000)]
  0x000001d706ab3000 JavaThread "Execution worker for ':' Thread 7" [_thread_in_Java, id=20620, stack(0x0000001ffab00000,0x0000001ffac00000)]
  0x000001d706ab2000 JavaThread "Cache worker for execution history cache (C:\Users\HONOR\AndroidStudioProjects\Games\.gradle\7.0.2\executionHistory)" [_thread_blocked, id=24516, stack(0x0000001ffac00000,0x0000001ffad00000)]
  0x000001d706aad000 JavaThread "WorkerExecutor Queue" [_thread_blocked, id=31092, stack(0x0000001ffa200000,0x0000001ffa300000)]

Other Threads:
  0x000001d77b60c000 VMThread "VM Thread" [stack: 0x0000001ff6b00000,0x0000001ff6c00000] [id=17076]
  0x000001d77c10e800 WatcherThread [stack: 0x0000001ff7500000,0x0000001ff7600000] [id=19376]
  0x000001d7611a7800 GCTaskThread "GC Thread#0" [stack: 0x0000001ff6600000,0x0000001ff6700000] [id=32396]
  0x000001d77ca1b800 GCTaskThread "GC Thread#1" [stack: 0x0000001ff7600000,0x0000001ff7700000] [id=38348]
  0x000001d77e257800 GCTaskThread "GC Thread#2" [stack: 0x0000001ff8100000,0x0000001ff8200000] [id=39012]
  0x000001d77e258000 GCTaskThread "GC Thread#3" [stack: 0x0000001ff8200000,0x0000001ff8300000] [id=36976]
  0x000001d77e259000 GCTaskThread "GC Thread#4" [stack: 0x0000001ff8300000,0x0000001ff8400000] [id=13372]
  0x000001d77e259800 GCTaskThread "GC Thread#5" [stack: 0x0000001ff8400000,0x0000001ff8500000] [id=37696]
  0x000001d77e25b000 GCTaskThread "GC Thread#6" [stack: 0x0000001ff8500000,0x0000001ff8600000] [id=32260]
  0x000001d77e25b800 GCTaskThread "GC Thread#7" [stack: 0x0000001ff8600000,0x0000001ff8700000] [id=23624]
  0x000001d7611dc800 ConcurrentGCThread "G1 Main Marker" [stack: 0x0000001ff6700000,0x0000001ff6800000] [id=14000]
  0x000001d7611de000 ConcurrentGCThread "G1 Conc#0" [stack: 0x0000001ff6800000,0x0000001ff6900000] [id=5940]
  0x000001d77e27c800 ConcurrentGCThread "G1 Conc#1" [stack: 0x0000001ff8900000,0x0000001ff8a00000] [id=29956]
  0x000001d77b460800 ConcurrentGCThread "G1 Refine#0" [stack: 0x0000001ff6900000,0x0000001ff6a00000] [id=6276]
  0x000001d77b461800 ConcurrentGCThread "G1 Young RemSet Sampling" [stack: 0x0000001ff6a00000,0x0000001ff6b00000] [id=14428]

Threads with active compile tasks:
C2 CompilerThread01672278 13343       4       sun.reflect.generics.parser.SignatureParser::parsePackageNameAndSimpleClassTypeSignature (119 bytes)

VM state:not at safepoint (normal execution)

VM Mutex/Monitor currently owned by a thread: None

OutOfMemory and StackOverflow Exception counts:
OutOfMemoryError java_heap_errors=1
LinkageErrors=191

Heap address: 0x0000000080000000, size: 2048 MB, Compressed Oops mode: 32-bit
Narrow klass base: 0x0000000000000000, Narrow klass shift: 3
Compressed class space size: 1073741824 Address: 0x0000000100000000

Heap:
 garbage-first heap   total 199680K, used 141462K [0x0000000080000000, 0x0000000100000000)
  region size 1024K, 39 young (39936K), 4 survivors (4096K)
 Metaspace       used 103802K, capacity 106680K, committed 107008K, reserved 1142784K
  class space    used 13233K, capacity 14239K, committed 14336K, reserved 1048576K
Heap Regions: E=young(eden), S=young(survivor), O=old, HS=humongous(starts), HC=humongous(continues), CS=collection set, F=free, A=archive, TAMS=top-at-mark-start (previous, next)
|   0|0x0000000080000000, 0x0000000080100000, 0x0000000080100000|100%| O|  |TAMS 0x0000000080100000, 0x0000000080000000| Untracked 
|   1|0x0000000080100000, 0x0000000080200000, 0x0000000080200000|100%| O|  |TAMS 0x0000000080200000, 0x0000000080100000| Untracked 
|   2|0x0000000080200000, 0x0000000080300000, 0x0000000080300000|100%| O|  |TAMS 0x0000000080300000, 0x0000000080200000| Untracked 
|   3|0x0000000080300000, 0x0000000080400000, 0x0000000080400000|100%|HS|  |TAMS 0x0000000080400000, 0x0000000080300000| Complete 
|   4|0x0000000080400000, 0x0000000080500000, 0x0000000080500000|100%|HC|  |TAMS 0x0000000080500000, 0x0000000080400000| Complete 
|   5|0x0000000080500000, 0x0000000080600000, 0x0000000080600000|100%|HC|  |TAMS 0x0000000080600000, 0x0000000080500000| Complete 
|   6|0x0000000080600000, 0x0000000080700000, 0x0000000080700000|100%| O|  |TAMS 0x0000000080700000, 0x0000000080600000| Untracked 
|   7|0x0000000080700000, 0x0000000080800000, 0x0000000080800000|100%| O|  |TAMS 0x0000000080800000, 0x0000000080700000| Untracked 
|   8|0x0000000080800000, 0x0000000080900000, 0x0000000080900000|100%| O|  |TAMS 0x0000000080900000, 0x0000000080800000| Untracked 
|   9|0x0000000080900000, 0x0000000080a00000, 0x0000000080a00000|100%| O|  |TAMS 0x0000000080a00000, 0x0000000080900000| Untracked 
|  10|0x0000000080a00000, 0x0000000080b00000, 0x0000000080b00000|100%| O|  |TAMS 0x0000000080b00000, 0x0000000080a00000| Untracked 
|  11|0x0000000080b00000, 0x0000000080c00000, 0x0000000080c00000|100%| O|  |TAMS 0x0000000080c00000, 0x0000000080b00000| Untracked 
|  12|0x0000000080c00000, 0x0000000080d00000, 0x0000000080d00000|100%| O|  |TAMS 0x0000000080d00000, 0x0000000080c00000| Untracked 
|  13|0x0000000080d00000, 0x0000000080e00000, 0x0000000080e00000|100%| O|  |TAMS 0x0000000080e00000, 0x0000000080d00000| Untracked 
|  14|0x0000000080e00000, 0x0000000080f00000, 0x0000000080f00000|100%| O|  |TAMS 0x0000000080f00000, 0x0000000080e00000| Untracked 
|  15|0x0000000080f00000, 0x0000000081000000, 0x0000000081000000|100%| O|  |TAMS 0x0000000081000000, 0x0000000080f00000| Untracked 
|  16|0x0000000081000000, 0x0000000081100000, 0x0000000081100000|100%|HS|  |TAMS 0x0000000081100000, 0x0000000081000000| Complete 
|  17|0x0000000081100000, 0x0000000081200000, 0x0000000081200000|100%|HC|  |TAMS 0x0000000081200000, 0x0000000081100000| Complete 
|  18|0x0000000081200000, 0x0000000081300000, 0x0000000081300000|100%|HS|  |TAMS 0x0000000081300000, 0x0000000081200000| Complete 
|  19|0x0000000081300000, 0x0000000081400000, 0x0000000081400000|100%|HC|  |TAMS 0x0000000081400000, 0x0000000081300000| Complete 
|  20|0x0000000081400000, 0x0000000081500000, 0x0000000081500000|100%|HC|  |TAMS 0x0000000081500000, 0x0000000081400000| Complete 
|  21|0x0000000081500000, 0x0000000081600000, 0x0000000081600000|100%|HS|  |TAMS 0x0000000081600000, 0x0000000081500000| Complete 
|  22|0x0000000081600000, 0x0000000081700000, 0x0000000081700000|100%|HC|  |TAMS 0x0000000081700000, 0x0000000081600000| Complete 
|  23|0x0000000081700000, 0x0000000081800000, 0x0000000081800000|100%|HC|  |TAMS 0x0000000081800000, 0x0000000081700000| Complete 
|  24|0x0000000081800000, 0x0000000081900000, 0x0000000081900000|100%|HC|  |TAMS 0x0000000081900000, 0x0000000081800000| Complete 
|  25|0x0000000081900000, 0x0000000081a00000, 0x0000000081a00000|100%|HC|  |TAMS 0x0000000081a00000, 0x0000000081900000| Complete 
|  26|0x0000000081a00000, 0x0000000081b00000, 0x0000000081b00000|100%| O|  |TAMS 0x0000000081b00000, 0x0000000081a00000| Untracked 
|  27|0x0000000081b00000, 0x0000000081c00000, 0x0000000081c00000|100%| O|  |TAMS 0x0000000081c00000, 0x0000000081b00000| Untracked 
|  28|0x0000000081c00000, 0x0000000081d00000, 0x0000000081d00000|100%| O|  |TAMS 0x0000000081d00000, 0x0000000081c00000| Untracked 
|  29|0x0000000081d00000, 0x0000000081e00000, 0x0000000081e00000|100%| O|  |TAMS 0x0000000081e00000, 0x0000000081d00000| Untracked 
|  30|0x0000000081e00000, 0x0000000081effff8, 0x0000000081f00000| 99%| O|  |TAMS 0x0000000081effff8, 0x0000000081e00000| Untracked 
|  31|0x0000000081f00000, 0x0000000082000000, 0x0000000082000000|100%| O|  |TAMS 0x0000000082000000, 0x0000000081f00000| Untracked 
|  32|0x0000000082000000, 0x0000000082100000, 0x0000000082100000|100%| O|  |TAMS 0x0000000082100000, 0x0000000082000000| Untracked 
|  33|0x0000000082100000, 0x0000000082200000, 0x0000000082200000|100%|HS|  |TAMS 0x0000000082200000, 0x0000000082100000| Complete 
|  34|0x0000000082200000, 0x0000000082300000, 0x0000000082300000|100%|HC|  |TAMS 0x0000000082300000, 0x0000000082200000| Complete 
|  35|0x0000000082300000, 0x0000000082400000, 0x0000000082400000|100%|HC|  |TAMS 0x0000000082400000, 0x0000000082300000| Complete 
|  36|0x0000000082400000, 0x0000000082500000, 0x0000000082500000|100%|HC|  |TAMS 0x0000000082500000, 0x0000000082400000| Complete 
|  37|0x0000000082500000, 0x0000000082600000, 0x0000000082600000|100%|HC|  |TAMS 0x0000000082600000, 0x0000000082500000| Complete 
|  38|0x0000000082600000, 0x0000000082700000, 0x0000000082700000|100%| O|  |TAMS 0x0000000082700000, 0x0000000082600000| Untracked 
|  39|0x0000000082700000, 0x0000000082800000, 0x0000000082800000|100%| O|  |TAMS 0x0000000082800000, 0x0000000082700000| Untracked 
|  40|0x0000000082800000, 0x0000000082900000, 0x0000000082900000|100%| O|  |TAMS 0x0000000082900000, 0x0000000082800000| Untracked 
|  41|0x0000000082900000, 0x0000000082a00000, 0x0000000082a00000|100%| O|  |TAMS 0x0000000082a00000, 0x0000000082900000| Untracked 
|  42|0x0000000082a00000, 0x0000000082b00000, 0x0000000082b00000|100%| O|  |TAMS 0x0000000082b00000, 0x0000000082a00000| Untracked 
|  43|0x0000000082b00000, 0x0000000082c00000, 0x0000000082c00000|100%|HS|  |TAMS 0x0000000082c00000, 0x0000000082b00000| Complete 
|  44|0x0000000082c00000, 0x0000000082d00000, 0x0000000082d00000|100%|HC|  |TAMS 0x0000000082d00000, 0x0000000082c00000| Complete 
|  45|0x0000000082d00000, 0x0000000082e00000, 0x0000000082e00000|100%|HC|  |TAMS 0x0000000082e00000, 0x0000000082d00000| Complete 
|  46|0x0000000082e00000, 0x0000000082f00000, 0x0000000082f00000|100%| O|  |TAMS 0x0000000082f00000, 0x0000000082e00000| Untracked 
|  47|0x0000000082f00000, 0x0000000083000000, 0x0000000083000000|100%| O|  |TAMS 0x0000000083000000, 0x0000000082f00000| Untracked 
|  48|0x0000000083000000, 0x0000000083100000, 0x0000000083100000|100%| O|  |TAMS 0x0000000083100000, 0x0000000083000000| Untracked 
|  49|0x0000000083100000, 0x0000000083200000, 0x0000000083200000|100%| O|  |TAMS 0x0000000083200000, 0x0000000083100000| Untracked 
|  50|0x0000000083200000, 0x0000000083300000, 0x0000000083300000|100%| O|  |TAMS 0x0000000083300000, 0x0000000083200000| Untracked 
|  51|0x0000000083300000, 0x0000000083400000, 0x0000000083400000|100%| O|  |TAMS 0x0000000083400000, 0x0000000083300000| Untracked 
|  52|0x0000000083400000, 0x0000000083500000, 0x0000000083500000|100%| O|  |TAMS 0x0000000083500000, 0x0000000083400000| Untracked 
|  53|0x0000000083500000, 0x0000000083600000, 0x0000000083600000|100%| O|  |TAMS 0x0000000083600000, 0x0000000083500000| Untracked 
|  54|0x0000000083600000, 0x0000000083700000, 0x0000000083700000|100%|HS|  |TAMS 0x0000000083700000, 0x0000000083600000| Complete 
|  55|0x0000000083700000, 0x0000000083800000, 0x0000000083800000|100%|HS|  |TAMS 0x0000000083800000, 0x0000000083700000| Complete 
|  56|0x0000000083800000, 0x0000000083900000, 0x0000000083900000|100%| O|  |TAMS 0x0000000083900000, 0x0000000083800000| Untracked 
|  57|0x0000000083900000, 0x0000000083a00000, 0x0000000083a00000|100%| O|  |TAMS 0x0000000083a00000, 0x0000000083900000| Untracked 
|  58|0x0000000083a00000, 0x0000000083b00000, 0x0000000083b00000|100%| O|  |TAMS 0x0000000083b00000, 0x0000000083a00000| Untracked 
|  59|0x0000000083b00000, 0x0000000083c00000, 0x0000000083c00000|100%|HS|  |TAMS 0x0000000083c00000, 0x0000000083b00000| Complete 
|  60|0x0000000083c00000, 0x0000000083d00000, 0x0000000083d00000|100%|HC|  |TAMS 0x0000000083d00000, 0x0000000083c00000| Complete 
|  61|0x0000000083d00000, 0x0000000083e00000, 0x0000000083e00000|100%| O|  |TAMS 0x0000000083e00000, 0x0000000083d00000| Untracked 
|  62|0x0000000083e00000, 0x0000000083f00000, 0x0000000083f00000|100%| O|  |TAMS 0x0000000083f00000, 0x0000000083e00000| Untracked 
|  63|0x0000000083f00000, 0x0000000084000000, 0x0000000084000000|100%| O|  |TAMS 0x0000000084000000, 0x0000000083f00000| Untracked 
|  64|0x0000000084000000, 0x0000000084100000, 0x0000000084100000|100%| O|  |TAMS 0x0000000084100000, 0x0000000084000000| Untracked 
|  65|0x0000000084100000, 0x0000000084200000, 0x0000000084200000|100%| O|  |TAMS 0x0000000084200000, 0x0000000084100000| Untracked 
|  66|0x0000000084200000, 0x0000000084300000, 0x0000000084300000|100%| O|  |TAMS 0x0000000084300000, 0x0000000084200000| Untracked 
|  67|0x0000000084300000, 0x0000000084400000, 0x0000000084400000|100%| O|  |TAMS 0x0000000084400000, 0x0000000084300000| Untracked 
|  68|0x0000000084400000, 0x0000000084500000, 0x0000000084500000|100%| O|  |TAMS 0x0000000084500000, 0x0000000084400000| Untracked 
|  69|0x0000000084500000, 0x0000000084600000, 0x0000000084600000|100%| O|  |TAMS 0x0000000084600000, 0x0000000084500000| Untracked 
|  70|0x0000000084600000, 0x0000000084700000, 0x0000000084700000|100%| O|  |TAMS 0x0000000084700000, 0x0000000084600000| Untracked 
|  71|0x0000000084700000, 0x0000000084800000, 0x0000000084800000|100%| O|  |TAMS 0x0000000084800000, 0x0000000084700000| Untracked 
|  72|0x0000000084800000, 0x0000000084900000, 0x0000000084900000|100%| O|  |TAMS 0x0000000084900000, 0x0000000084800000| Untracked 
|  73|0x0000000084900000, 0x0000000084a00000, 0x0000000084a00000|100%| O|  |TAMS 0x0000000084a00000, 0x0000000084900000| Untracked 
|  74|0x0000000084a00000, 0x0000000084b00000, 0x0000000084b00000|100%| O|  |TAMS 0x0000000084b00000, 0x0000000084a00000| Untracked 
|  75|0x0000000084b00000, 0x0000000084c00000, 0x0000000084c00000|100%| O|  |TAMS 0x0000000084c00000, 0x0000000084b00000| Untracked 
|  76|0x0000000084c00000, 0x0000000084d00000, 0x0000000084d00000|100%| O|  |TAMS 0x0000000084d00000, 0x0000000084c00000| Untracked 
|  77|0x0000000084d00000, 0x0000000084e00000, 0x0000000084e00000|100%| O|  |TAMS 0x0000000084e00000, 0x0000000084d00000| Untracked 
|  78|0x0000000084e00000, 0x0000000084f00000, 0x0000000084f00000|100%| O|  |TAMS 0x0000000084f00000, 0x0000000084e00000| Untracked 
|  79|0x0000000084f00000, 0x0000000085000000, 0x0000000085000000|100%| O|  |TAMS 0x0000000085000000, 0x0000000084f00000| Untracked 
|  80|0x0000000085000000, 0x0000000085100000, 0x0000000085100000|100%| O|  |TAMS 0x0000000085100000, 0x0000000085000000| Untracked 
|  81|0x0000000085100000, 0x0000000085200000, 0x0000000085200000|100%| O|  |TAMS 0x0000000085200000, 0x0000000085100000| Untracked 
|  82|0x0000000085200000, 0x0000000085300000, 0x0000000085300000|100%| O|  |TAMS 0x0000000085300000, 0x0000000085200000| Untracked 
|  83|0x0000000085300000, 0x0000000085400000, 0x0000000085400000|100%| O|  |TAMS 0x0000000085400000, 0x0000000085300000| Untracked 
|  84|0x0000000085400000, 0x0000000085500000, 0x0000000085500000|100%| O|  |TAMS 0x0000000085500000, 0x0000000085400000| Untracked 
|  85|0x0000000085500000, 0x0000000085600000, 0x0000000085600000|100%| O|  |TAMS 0x0000000085600000, 0x0000000085500000| Untracked 
|  86|0x0000000085600000, 0x0000000085700000, 0x0000000085700000|100%| O|  |TAMS 0x0000000085700000, 0x0000000085600000| Untracked 
|  87|0x0000000085700000, 0x0000000085800000, 0x0000000085800000|100%| O|  |TAMS 0x0000000085800000, 0x0000000085700000| Untracked 
|  88|0x0000000085800000, 0x0000000085900000, 0x0000000085900000|100%| O|  |TAMS 0x0000000085900000, 0x0000000085800000| Untracked 
|  89|0x0000000085900000, 0x0000000085a00000, 0x0000000085a00000|100%| O|  |TAMS 0x0000000085a00000, 0x0000000085900000| Untracked 
|  90|0x0000000085a00000, 0x0000000085b00000, 0x0000000085b00000|100%| O|  |TAMS 0x0000000085b00000, 0x0000000085a00000| Untracked 
|  91|0x0000000085b00000, 0x0000000085c00000, 0x0000000085c00000|100%| O|  |TAMS 0x0000000085c00000, 0x0000000085b00000| Untracked 
|  92|0x0000000085c00000, 0x0000000085d00000, 0x0000000085d00000|100%| O|  |TAMS 0x0000000085d00000, 0x0000000085c00000| Untracked 
|  93|0x0000000085d00000, 0x0000000085e00000, 0x0000000085e00000|100%| O|  |TAMS 0x0000000085e00000, 0x0000000085d00000| Untracked 
|  94|0x0000000085e00000, 0x0000000085f00000, 0x0000000085f00000|100%| O|  |TAMS 0x0000000085f00000, 0x0000000085e00000| Untracked 
|  95|0x0000000085f00000, 0x0000000086000000, 0x0000000086000000|100%| O|  |TAMS 0x0000000086000000, 0x0000000085f00000| Untracked 
|  96|0x0000000086000000, 0x0000000086100000, 0x0000000086100000|100%| O|  |TAMS 0x0000000086100000, 0x0000000086000000| Untracked 
|  97|0x0000000086100000, 0x0000000086200000, 0x0000000086200000|100%| O|  |TAMS 0x0000000086200000, 0x0000000086100000| Untracked 
|  98|0x0000000086200000, 0x0000000086300000, 0x0000000086300000|100%| O|  |TAMS 0x0000000086300000, 0x0000000086200000| Untracked 
|  99|0x0000000086300000, 0x0000000086400000, 0x0000000086400000|100%| O|  |TAMS 0x0000000086400000, 0x0000000086300000| Untracked 
| 100|0x0000000086400000, 0x0000000086500000, 0x0000000086500000|100%| O|  |TAMS 0x0000000086500000, 0x0000000086400000| Untracked 
| 101|0x0000000086500000, 0x0000000086577c00, 0x0000000086600000| 46%| O|  |TAMS 0x0000000086577c00, 0x0000000086500000| Untracked 
| 102|0x0000000086600000, 0x0000000086600000, 0x0000000086700000|  0%| F|  |TAMS 0x0000000086600000, 0x0000000086600000| Untracked 
| 103|0x0000000086700000, 0x0000000086700000, 0x0000000086800000|  0%| F|  |TAMS 0x0000000086700000, 0x0000000086700000| Untracked 
| 104|0x0000000086800000, 0x0000000086800000, 0x0000000086900000|  0%| F|  |TAMS 0x0000000086800000, 0x0000000086800000| Untracked 
| 105|0x0000000086900000, 0x0000000086900000, 0x0000000086a00000|  0%| F|  |TAMS 0x0000000086900000, 0x0000000086900000| Untracked 
| 106|0x0000000086a00000, 0x0000000086a00000, 0x0000000086b00000|  0%| F|  |TAMS 0x0000000086a00000, 0x0000000086a00000| Untracked 
| 107|0x0000000086b00000, 0x0000000086b00000, 0x0000000086c00000|  0%| F|  |TAMS 0x0000000086b00000, 0x0000000086b00000| Untracked 
| 108|0x0000000086c00000, 0x0000000086c00000, 0x0000000086d00000|  0%| F|  |TAMS 0x0000000086c00000, 0x0000000086c00000| Untracked 
| 109|0x0000000086d00000, 0x0000000086d00000, 0x0000000086e00000|  0%| F|  |TAMS 0x0000000086d00000, 0x0000000086d00000| Untracked 
| 110|0x0000000086e00000, 0x0000000086e00000, 0x0000000086f00000|  0%| F|  |TAMS 0x0000000086e00000, 0x0000000086e00000| Untracked 
| 111|0x0000000086f00000, 0x0000000086f00000, 0x0000000087000000|  0%| F|  |TAMS 0x0000000086f00000, 0x0000000086f00000| Untracked 
| 112|0x0000000087000000, 0x0000000087000000, 0x0000000087100000|  0%| F|  |TAMS 0x0000000087000000, 0x0000000087000000| Untracked 
| 113|0x0000000087100000, 0x0000000087100000, 0x0000000087200000|  0%| F|  |TAMS 0x0000000087100000, 0x0000000087100000| Untracked 
| 114|0x0000000087200000, 0x0000000087200000, 0x0000000087300000|  0%| F|  |TAMS 0x0000000087200000, 0x0000000087200000| Untracked 
| 115|0x0000000087300000, 0x0000000087300000, 0x0000000087400000|  0%| F|  |TAMS 0x0000000087300000, 0x0000000087300000| Untracked 
| 116|0x0000000087400000, 0x0000000087400000, 0x0000000087500000|  0%| F|  |TAMS 0x0000000087400000, 0x0000000087400000| Untracked 
| 117|0x0000000087500000, 0x0000000087500000, 0x0000000087600000|  0%| F|  |TAMS 0x0000000087500000, 0x0000000087500000| Untracked 
| 118|0x0000000087600000, 0x0000000087600000, 0x0000000087700000|  0%| F|  |TAMS 0x0000000087600000, 0x0000000087600000| Untracked 
| 119|0x0000000087700000, 0x0000000087700000, 0x0000000087800000|  0%| F|  |TAMS 0x0000000087700000, 0x0000000087700000| Untracked 
| 120|0x0000000087800000, 0x0000000087800000, 0x0000000087900000|  0%| F|  |TAMS 0x0000000087800000, 0x0000000087800000| Untracked 
| 121|0x0000000087900000, 0x0000000087900000, 0x0000000087a00000|  0%| F|  |TAMS 0x0000000087900000, 0x0000000087900000| Untracked 
| 122|0x0000000087a00000, 0x0000000087a00000, 0x0000000087b00000|  0%| F|  |TAMS 0x0000000087a00000, 0x0000000087a00000| Untracked 
| 123|0x0000000087b00000, 0x0000000087b00000, 0x0000000087c00000|  0%| F|  |TAMS 0x0000000087b00000, 0x0000000087b00000| Untracked 
| 124|0x0000000087c00000, 0x0000000087c00000, 0x0000000087d00000|  0%| F|  |TAMS 0x0000000087c00000, 0x0000000087c00000| Untracked 
| 125|0x0000000087d00000, 0x0000000087d00000, 0x0000000087e00000|  0%| F|  |TAMS 0x0000000087d00000, 0x0000000087d00000| Untracked 
| 126|0x0000000087e00000, 0x0000000087e00000, 0x0000000087f00000|  0%| F|  |TAMS 0x0000000087e00000, 0x0000000087e00000| Untracked 
| 127|0x0000000087f00000, 0x0000000087f00000, 0x0000000088000000|  0%| F|  |TAMS 0x0000000087f00000, 0x0000000087f00000| Untracked 
| 128|0x0000000088000000, 0x0000000088000000, 0x0000000088100000|  0%| F|  |TAMS 0x0000000088000000, 0x0000000088000000| Untracked 
| 129|0x0000000088100000, 0x0000000088100000, 0x0000000088200000|  0%| F|  |TAMS 0x0000000088100000, 0x0000000088100000| Untracked 
| 130|0x0000000088200000, 0x0000000088200000, 0x0000000088300000|  0%| F|  |TAMS 0x0000000088200000, 0x0000000088200000| Untracked 
| 131|0x0000000088300000, 0x0000000088300000, 0x0000000088400000|  0%| F|  |TAMS 0x0000000088300000, 0x0000000088300000| Untracked 
| 132|0x0000000088400000, 0x0000000088400000, 0x0000000088500000|  0%| F|  |TAMS 0x0000000088400000, 0x0000000088400000| Untracked 
| 133|0x0000000088500000, 0x0000000088500000, 0x0000000088600000|  0%| F|  |TAMS 0x0000000088500000, 0x0000000088500000| Untracked 
| 134|0x0000000088600000, 0x0000000088600000, 0x0000000088700000|  0%| F|  |TAMS 0x0000000088600000, 0x0000000088600000| Untracked 
| 135|0x0000000088700000, 0x0000000088700000, 0x0000000088800000|  0%| F|  |TAMS 0x0000000088700000, 0x0000000088700000| Untracked 
| 136|0x0000000088800000, 0x0000000088800000, 0x0000000088900000|  0%| F|  |TAMS 0x0000000088800000, 0x0000000088800000| Untracked 
| 137|0x0000000088900000, 0x0000000088900000, 0x0000000088a00000|  0%| F|  |TAMS 0x0000000088900000, 0x0000000088900000| Untracked 
| 138|0x0000000088a00000, 0x0000000088a00000, 0x0000000088b00000|  0%| F|  |TAMS 0x0000000088a00000, 0x0000000088a00000| Untracked 
| 139|0x0000000088b00000, 0x0000000088badc60, 0x0000000088c00000| 67%| S|CS|TAMS 0x0000000088b00000, 0x0000000088b00000| Complete 
| 140|0x0000000088c00000, 0x0000000088d00000, 0x0000000088d00000|100%| S|CS|TAMS 0x0000000088c00000, 0x0000000088c00000| Complete 
| 141|0x0000000088d00000, 0x0000000088d00000, 0x0000000088e00000|  0%| F|  |TAMS 0x0000000088d00000, 0x0000000088d00000| Untracked 
| 142|0x0000000088e00000, 0x0000000088e00000, 0x0000000088f00000|  0%| F|  |TAMS 0x0000000088e00000, 0x0000000088e00000| Untracked 
| 143|0x0000000088f00000, 0x0000000088f00000, 0x0000000089000000|  0%| F|  |TAMS 0x0000000088f00000, 0x0000000088f00000| Untracked 
| 144|0x0000000089000000, 0x0000000089000000, 0x0000000089100000|  0%| F|  |TAMS 0x0000000089000000, 0x0000000089000000| Untracked 
| 145|0x0000000089100000, 0x0000000089200000, 0x0000000089200000|100%| S|CS|TAMS 0x0000000089100000, 0x0000000089100000| Complete 
| 146|0x0000000089200000, 0x0000000089300000, 0x0000000089300000|100%| S|CS|TAMS 0x0000000089200000, 0x0000000089200000| Complete 
| 147|0x0000000089300000, 0x0000000089300000, 0x0000000089400000|  0%| F|  |TAMS 0x0000000089300000, 0x0000000089300000| Untracked 
| 148|0x0000000089400000, 0x0000000089400000, 0x0000000089500000|  0%| F|  |TAMS 0x0000000089400000, 0x0000000089400000| Untracked 
| 149|0x0000000089500000, 0x0000000089500000, 0x0000000089600000|  0%| F|  |TAMS 0x0000000089500000, 0x0000000089500000| Untracked 
| 150|0x0000000089600000, 0x0000000089600000, 0x0000000089700000|  0%| F|  |TAMS 0x0000000089600000, 0x0000000089600000| Untracked 
| 151|0x0000000089700000, 0x0000000089700000, 0x0000000089800000|  0%| F|  |TAMS 0x0000000089700000, 0x0000000089700000| Untracked 
| 152|0x0000000089800000, 0x0000000089800000, 0x0000000089900000|  0%| F|  |TAMS 0x0000000089800000, 0x0000000089800000| Untracked 
| 153|0x0000000089900000, 0x0000000089900000, 0x0000000089a00000|  0%| F|  |TAMS 0x0000000089900000, 0x0000000089900000| Untracked 
| 154|0x0000000089a00000, 0x0000000089a00000, 0x0000000089b00000|  0%| F|  |TAMS 0x0000000089a00000, 0x0000000089a00000| Untracked 
| 155|0x0000000089b00000, 0x0000000089b00000, 0x0000000089c00000|  0%| F|  |TAMS 0x0000000089b00000, 0x0000000089b00000| Untracked 
| 156|0x0000000089c00000, 0x0000000089c00000, 0x0000000089d00000|  0%| F|  |TAMS 0x0000000089c00000, 0x0000000089c00000| Untracked 
| 157|0x0000000089d00000, 0x0000000089d00000, 0x0000000089e00000|  0%| F|  |TAMS 0x0000000089d00000, 0x0000000089d00000| Untracked 
| 158|0x0000000089e00000, 0x0000000089e00000, 0x0000000089f00000|  0%| F|  |TAMS 0x0000000089e00000, 0x0000000089e00000| Untracked 
| 159|0x0000000089f00000, 0x0000000089f172a0, 0x000000008a000000|  9%| E|  |TAMS 0x0000000089f00000, 0x0000000089f00000| Complete 
| 160|0x000000008a000000, 0x000000008a100000, 0x000000008a100000|100%| E|CS|TAMS 0x000000008a000000, 0x000000008a000000| Complete 
| 161|0x000000008a100000, 0x000000008a200000, 0x000000008a200000|100%| E|CS|TAMS 0x000000008a100000, 0x000000008a100000| Complete 
| 162|0x000000008a200000, 0x000000008a300000, 0x000000008a300000|100%| E|CS|TAMS 0x000000008a200000, 0x000000008a200000| Complete 
| 163|0x000000008a300000, 0x000000008a400000, 0x000000008a400000|100%| E|CS|TAMS 0x000000008a300000, 0x000000008a300000| Complete 
| 164|0x000000008a400000, 0x000000008a500000, 0x000000008a500000|100%| E|CS|TAMS 0x000000008a400000, 0x000000008a400000| Complete 
| 165|0x000000008a500000, 0x000000008a600000, 0x000000008a600000|100%| E|  |TAMS 0x000000008a500000, 0x000000008a500000| Complete 
| 166|0x000000008a600000, 0x000000008a700000, 0x000000008a700000|100%| E|CS|TAMS 0x000000008a600000, 0x000000008a600000| Complete 
| 167|0x000000008a700000, 0x000000008a800000, 0x000000008a800000|100%| E|CS|TAMS 0x000000008a700000, 0x000000008a700000| Complete 
| 168|0x000000008a800000, 0x000000008a900000, 0x000000008a900000|100%| E|CS|TAMS 0x000000008a800000, 0x000000008a800000| Complete 
| 169|0x000000008a900000, 0x000000008aa00000, 0x000000008aa00000|100%| E|CS|TAMS 0x000000008a900000, 0x000000008a900000| Complete 
| 170|0x000000008aa00000, 0x000000008ab00000, 0x000000008ab00000|100%| E|CS|TAMS 0x000000008aa00000, 0x000000008aa00000| Complete 
| 171|0x000000008ab00000, 0x000000008ac00000, 0x000000008ac00000|100%| E|CS|TAMS 0x000000008ab00000, 0x000000008ab00000| Complete 
| 172|0x000000008ac00000, 0x000000008ad00000, 0x000000008ad00000|100%| E|CS|TAMS 0x000000008ac00000, 0x000000008ac00000| Complete 
| 173|0x000000008ad00000, 0x000000008ae00000, 0x000000008ae00000|100%| E|CS|TAMS 0x000000008ad00000, 0x000000008ad00000| Complete 
| 174|0x000000008ae00000, 0x000000008af00000, 0x000000008af00000|100%| E|CS|TAMS 0x000000008ae00000, 0x000000008ae00000| Complete 
| 175|0x000000008af00000, 0x000000008b000000, 0x000000008b000000|100%| E|CS|TAMS 0x000000008af00000, 0x000000008af00000| Complete 
| 176|0x000000008b000000, 0x000000008b100000, 0x000000008b100000|100%| E|CS|TAMS 0x000000008b000000, 0x000000008b000000| Complete 
| 177|0x000000008b100000, 0x000000008b200000, 0x000000008b200000|100%| E|CS|TAMS 0x000000008b100000, 0x000000008b100000| Complete 
| 178|0x000000008b200000, 0x000000008b300000, 0x000000008b300000|100%| E|CS|TAMS 0x000000008b200000, 0x000000008b200000| Complete 
| 179|0x000000008b300000, 0x000000008b400000, 0x000000008b400000|100%| E|CS|TAMS 0x000000008b300000, 0x000000008b300000| Complete 
| 180|0x000000008b400000, 0x000000008b500000, 0x000000008b500000|100%| E|CS|TAMS 0x000000008b400000, 0x000000008b400000| Complete 
| 181|0x000000008b500000, 0x000000008b600000, 0x000000008b600000|100%| E|CS|TAMS 0x000000008b500000, 0x000000008b500000| Complete 
| 182|0x000000008b600000, 0x000000008b700000, 0x000000008b700000|100%| E|CS|TAMS 0x000000008b600000, 0x000000008b600000| Complete 
| 183|0x000000008b700000, 0x000000008b800000, 0x000000008b800000|100%| E|CS|TAMS 0x000000008b700000, 0x000000008b700000| Complete 
| 184|0x000000008b800000, 0x000000008b900000, 0x000000008b900000|100%| E|CS|TAMS 0x000000008b800000, 0x000000008b800000| Complete 
| 185|0x000000008b900000, 0x000000008ba00000, 0x000000008ba00000|100%| E|CS|TAMS 0x000000008b900000, 0x000000008b900000| Complete 
| 186|0x000000008ba00000, 0x000000008bb00000, 0x000000008bb00000|100%| E|CS|TAMS 0x000000008ba00000, 0x000000008ba00000| Complete 
| 187|0x000000008bb00000, 0x000000008bc00000, 0x000000008bc00000|100%| E|CS|TAMS 0x000000008bb00000, 0x000000008bb00000| Complete 
| 188|0x000000008bc00000, 0x000000008bd00000, 0x000000008bd00000|100%| E|CS|TAMS 0x000000008bc00000, 0x000000008bc00000| Complete 
| 189|0x000000008bd00000, 0x000000008be00000, 0x000000008be00000|100%| E|CS|TAMS 0x000000008bd00000, 0x000000008bd00000| Complete 
| 190|0x000000008be00000, 0x000000008bf00000, 0x000000008bf00000|100%| E|CS|TAMS 0x000000008be00000, 0x000000008be00000| Complete 
| 191|0x000000008bf00000, 0x000000008c000000, 0x000000008c000000|100%| E|CS|TAMS 0x000000008bf00000, 0x000000008bf00000| Complete 
| 192|0x000000008c000000, 0x000000008c100000, 0x000000008c100000|100%| E|CS|TAMS 0x000000008c000000, 0x000000008c000000| Complete 
| 193|0x000000008c100000, 0x000000008c200000, 0x000000008c200000|100%| E|CS|TAMS 0x000000008c100000, 0x000000008c100000| Complete 
| 194|0x000000008c200000, 0x000000008c300000, 0x000000008c300000|100%| E|CS|TAMS 0x000000008c200000, 0x000000008c200000| Complete 

Card table byte_map: [0x000001d7743b0000,0x000001d7747b0000] _byte_map_base: 0x000001d773fb0000

Marking Bits (Prev, Next): (CMBitMap*) 0x000001d7611d3960, (CMBitMap*) 0x000001d7611d3928
 Prev Bits: [0x000001d776bb0000, 0x000001d778bb0000)
 Next Bits: [0x000001d774bb0000, 0x000001d776bb0000)

Polling page: 0x000001d75f130000

Metaspace:

Usage:
  Non-class:     90.28 MB capacity,    88.45 MB ( 98%) used,     1.52 MB (  2%) free+waste,   313.31 KB ( <1%) overhead. 
      Class:     13.91 MB capacity,    12.92 MB ( 93%) used,   861.52 KB (  6%) free+waste,   143.44 KB (  1%) overhead. 
       Both:    104.18 MB capacity,   101.37 MB ( 97%) used,     2.36 MB (  2%) free+waste,   456.75 KB ( <1%) overhead. 

Virtual space:
  Non-class space:       92.00 MB reserved,      90.50 MB ( 98%) committed 
      Class space:        1.00 GB reserved,      14.00 MB (  1%) committed 
             Both:        1.09 GB reserved,     104.50 MB (  9%) committed 

Chunk freelists:
   Non-Class:  38.00 KB
       Class:  65.00 KB
        Both:  103.00 KB

MaxMetaspaceSize: 17179869184.00 GB
CompressedClassSpaceSize: 1.00 GB

CodeHeap 'non-profiled nmethods': size=120000Kb used=7425Kb max_used=7425Kb free=112575Kb
 bounds [0x000001d76c740000, 0x000001d76ce90000, 0x000001d773c70000]
CodeHeap 'profiled nmethods': size=120000Kb used=29372Kb max_used=29372Kb free=90627Kb
 bounds [0x000001d765210000, 0x000001d766ec0000, 0x000001d76c740000]
CodeHeap 'non-nmethods': size=5760Kb used=2316Kb max_used=2371Kb free=3443Kb
 bounds [0x000001d764c70000, 0x000001d764ee0000, 0x000001d765210000]
 total_blobs=14284 nmethods=13361 adapters=834
 compilation: enabled
              stopped_count=0, restarted_count=0
 full_count=0

Compilation events (20 events):
Event: 1672.150 Thread 0x000001d77b635800 13528       3       com.google.common.collect.ImmutableList::builder (8 bytes)
Event: 1672.150 Thread 0x000001d77b635800 nmethod 13528 0x000001d766e80710 code [0x000001d766e808e0, 0x000001d766e80c98]
Event: 1672.150 Thread 0x000001d77b635800 13531       3       org.gradle.internal.resources.ExclusiveAccessResourceLock::doIsLocked (8 bytes)
Event: 1672.150 Thread 0x000001d77b635800 nmethod 13531 0x000001d766e80e10 code [0x000001d766e80fe0, 0x000001d766e81298]
Event: 1672.150 Thread 0x000001d77b635800 13532       3       java.util.concurrent.locks.ReentrantLock::isLocked (8 bytes)
Event: 1672.151 Thread 0x000001d77b635800 nmethod 13532 0x000001d766e81390 code [0x000001d766e81540, 0x000001d766e81718]
Event: 1672.151 Thread 0x000001d77b635800 13533       3       java.util.concurrent.locks.ReentrantLock$Sync::isLocked (13 bytes)
Event: 1672.151 Thread 0x000001d77b635800 nmethod 13533 0x000001d766e81810 code [0x000001d766e819c0, 0x000001d766e81b38]
Event: 1672.151 Thread 0x000001d77b635800 13527       1       org.gradle.internal.build.event.types.AbstractProgressEvent::getDescriptor (5 bytes)
Event: 1672.151 Thread 0x000001d77b635800 nmethod 13527 0x000001d76ce7fb10 code [0x000001d76ce7fcc0, 0x000001d76ce7fd78]
Event: 1672.151 Thread 0x000001d77b635800 13535       3       java.io.BufferedInputStream::fill (236 bytes)
Event: 1672.152 Thread 0x000001d77b635800 nmethod 13535 0x000001d766e81c10 code [0x000001d766e81e80, 0x000001d766e82a28]
Event: 1672.160 Thread 0x000001d77b635800 13538       3       org.gradle.internal.fingerprint.classpath.impl.ClasspathFingerprintingStrategy::collectFingerprints (41 bytes)
Event: 1672.161 Thread 0x000001d77b635800 nmethod 13538 0x000001d766e82d10 code [0x000001d766e82fc0, 0x000001d766e84008]
Event: 1672.161 Thread 0x000001d77b635800 13539       3       org.gradle.internal.fingerprint.classpath.impl.ClasspathFingerprintingStrategy$ClasspathFingerprintingVisitor::<init> (20 bytes)
Event: 1672.162 Thread 0x000001d77b635800 nmethod 13539 0x000001d766e84510 code [0x000001d766e846c0, 0x000001d766e84938]
Event: 1672.162 Thread 0x000001d77b635800 13541       3       org.gradle.internal.fingerprint.classpath.impl.ClasspathFingerprintingStrategy::getHashingStrategy (4 bytes)
Event: 1672.162 Thread 0x000001d77b635800 nmethod 13541 0x000001d766e84a10 code [0x000001d766e84bc0, 0x000001d766e84cd8]
Event: 1672.168 Thread 0x000001d77b635800 13543       2       java.util.HashMap::removeNode (291 bytes)
Event: 1672.170 Thread 0x000001d77b635800 nmethod 13543 0x000001d766e84d90 code [0x000001d766e84fe0, 0x000001d766e857f8]

GC Heap History (20 events):
Event: 13.661 GC heap before
{Heap before GC invocations=36 (full 0):
 garbage-first heap   total 165888K, used 94395K [0x0000000080000000, 0x0000000100000000)
  region size 1024K, 15 young (15360K), 6 survivors (6144K)
 Metaspace       used 77992K, capacity 79995K, committed 80256K, reserved 1118208K
  class space    used 10153K, capacity 10839K, committed 10880K, reserved 1048576K
}
Event: 13.668 GC heap after
{Heap after GC invocations=37 (full 0):
 garbage-first heap   total 165888K, used 87180K [0x0000000080000000, 0x0000000100000000)
  region size 1024K, 4 young (4096K), 4 survivors (4096K)
 Metaspace       used 77992K, capacity 79995K, committed 80256K, reserved 1118208K
  class space    used 10153K, capacity 10839K, committed 10880K, reserved 1048576K
}
Event: 14.442 GC heap before
{Heap before GC invocations=38 (full 0):
 garbage-first heap   total 165888K, used 126092K [0x0000000080000000, 0x0000000100000000)
  region size 1024K, 41 young (41984K), 4 survivors (4096K)
 Metaspace       used 83619K, capacity 85710K, committed 85888K, reserved 1124352K
  class space    used 10839K, capacity 11557K, committed 11648K, reserved 1048576K
}
Event: 14.448 GC heap after
{Heap after GC invocations=39 (full 0):
 garbage-first heap   total 199680K, used 88317K [0x0000000080000000, 0x0000000100000000)
  region size 1024K, 3 young (3072K), 3 survivors (3072K)
 Metaspace       used 83619K, capacity 85710K, committed 85888K, reserved 1124352K
  class space    used 10839K, capacity 11557K, committed 11648K, reserved 1048576K
}
Event: 15.419 GC heap before
{Heap before GC invocations=39 (full 0):
 garbage-first heap   total 199680K, used 139517K [0x0000000080000000, 0x0000000100000000)
  region size 1024K, 53 young (54272K), 3 survivors (3072K)
 Metaspace       used 87875K, capacity 90360K, committed 90496K, reserved 1128448K
  class space    used 11435K, capacity 12329K, committed 12416K, reserved 1048576K
}
Event: 15.427 GC heap after
{Heap after GC invocations=40 (full 0):
 garbage-first heap   total 199680K, used 90967K [0x0000000080000000, 0x0000000100000000)
  region size 1024K, 5 young (5120K), 5 survivors (5120K)
 Metaspace       used 87875K, capacity 90360K, committed 90496K, reserved 1128448K
  class space    used 11435K, capacity 12329K, committed 12416K, reserved 1048576K
}
Event: 16.509 GC heap before
{Heap before GC invocations=40 (full 0):
 garbage-first heap   total 199680K, used 143191K [0x0000000080000000, 0x0000000100000000)
  region size 1024K, 57 young (58368K), 5 survivors (5120K)
 Metaspace       used 88641K, capacity 91248K, committed 91392K, reserved 1128448K
  class space    used 11503K, capacity 12440K, committed 12544K, reserved 1048576K
}
Event: 16.518 GC heap after
{Heap after GC invocations=41 (full 0):
 garbage-first heap   total 199680K, used 94277K [0x0000000080000000, 0x0000000100000000)
  region size 1024K, 7 young (7168K), 7 survivors (7168K)
 Metaspace       used 88641K, capacity 91248K, committed 91392K, reserved 1128448K
  class space    used 11503K, capacity 12440K, committed 12544K, reserved 1048576K
}
Event: 17.512 GC heap before
{Heap before GC invocations=41 (full 0):
 garbage-first heap   total 199680K, used 147525K [0x0000000080000000, 0x0000000100000000)
  region size 1024K, 60 young (61440K), 7 survivors (7168K)
 Metaspace       used 93333K, capacity 96058K, committed 96128K, reserved 1132544K
  class space    used 12119K, capacity 13128K, committed 13184K, reserved 1048576K
}
Event: 17.521 GC heap after
{Heap after GC invocations=42 (full 0):
 garbage-first heap   total 199680K, used 97404K [0x0000000080000000, 0x0000000100000000)
  region size 1024K, 7 young (7168K), 7 survivors (7168K)
 Metaspace       used 93333K, capacity 96058K, committed 96128K, reserved 1132544K
  class space    used 12119K, capacity 13128K, committed 13184K, reserved 1048576K
}
Event: 1654.167 GC heap before
{Heap before GC invocations=42 (full 0):
 garbage-first heap   total 199680K, used 152700K [0x0000000080000000, 0x0000000100000000)
  region size 1024K, 61 young (62464K), 7 survivors (7168K)
 Metaspace       used 94655K, capacity 97502K, committed 97792K, reserved 1134592K
  class space    used 12242K, capacity 13260K, committed 13312K, reserved 1048576K
}
Event: 1654.467 GC heap after
{Heap after GC invocations=43 (full 0):
 garbage-first heap   total 199680K, used 98520K [0x0000000080000000, 0x0000000100000000)
  region size 1024K, 5 young (5120K), 5 survivors (5120K)
 Metaspace       used 94655K, capacity 97502K, committed 97792K, reserved 1134592K
  class space    used 12242K, capacity 13260K, committed 13312K, reserved 1048576K
}
Event: 1669.152 GC heap before
{Heap before GC invocations=44 (full 0):
 garbage-first heap   total 199680K, used 154840K [0x0000000080000000, 0x0000000100000000)
  region size 1024K, 61 young (62464K), 5 survivors (5120K)
 Metaspace       used 96754K, capacity 99592K, committed 99840K, reserved 1136640K
  class space    used 12441K, capacity 13439K, committed 13568K, reserved 1048576K
}
Event: 1669.190 GC heap after
{Heap after GC invocations=45 (full 0):
 garbage-first heap   total 199680K, used 104149K [0x0000000080000000, 0x0000000100000000)
  region size 1024K, 8 young (8192K), 8 survivors (8192K)
 Metaspace       used 96754K, capacity 99592K, committed 99840K, reserved 1136640K
  class space    used 12441K, capacity 13439K, committed 13568K, reserved 1048576K
}
Event: 1669.775 GC heap before
{Heap before GC invocations=45 (full 0):
 garbage-first heap   total 199680K, used 139989K [0x0000000080000000, 0x0000000100000000)
  region size 1024K, 45 young (46080K), 8 survivors (8192K)
 Metaspace       used 97930K, capacity 100836K, committed 100992K, reserved 1136640K
  class space    used 12544K, capacity 13568K, committed 13696K, reserved 1048576K
}
Event: 1669.856 GC heap after
{Heap after GC invocations=46 (full 0):
 garbage-first heap   total 199680K, used 106974K [0x0000000080000000, 0x0000000100000000)
  region size 1024K, 3 young (3072K), 3 survivors (3072K)
 Metaspace       used 97930K, capacity 100836K, committed 100992K, reserved 1136640K
  class space    used 12544K, capacity 13568K, committed 13696K, reserved 1048576K
}
Event: 1670.924 GC heap before
{Heap before GC invocations=47 (full 0):
 garbage-first heap   total 199680K, used 157150K [0x0000000080000000, 0x0000000100000000)
  region size 1024K, 50 young (51200K), 3 survivors (3072K)
 Metaspace       used 99376K, capacity 102181K, committed 102400K, reserved 1138688K
  class space    used 12681K, capacity 13666K, committed 13824K, reserved 1048576K
}
Event: 1670.932 GC heap after
{Heap after GC invocations=48 (full 0):
 garbage-first heap   total 199680K, used 107062K [0x0000000080000000, 0x0000000100000000)
  region size 1024K, 4 young (4096K), 4 survivors (4096K)
 Metaspace       used 99376K, capacity 102181K, committed 102400K, reserved 1138688K
  class space    used 12681K, capacity 13666K, committed 13824K, reserved 1048576K
}
Event: 1671.801 GC heap before
{Heap before GC invocations=48 (full 0):
 garbage-first heap   total 199680K, used 155190K [0x0000000080000000, 0x0000000100000000)
  region size 1024K, 52 young (53248K), 4 survivors (4096K)
 Metaspace       used 102623K, capacity 105484K, committed 105600K, reserved 1140736K
  class space    used 13107K, capacity 14101K, committed 14208K, reserved 1048576K
}
Event: 1671.830 GC heap after
{Heap after GC invocations=49 (full 0):
 garbage-first heap   total 199680K, used 107670K [0x0000000080000000, 0x0000000100000000)
  region size 1024K, 4 young (4096K), 4 survivors (4096K)
 Metaspace       used 102623K, capacity 105484K, committed 105600K, reserved 1140736K
  class space    used 13107K, capacity 14101K, committed 14208K, reserved 1048576K
}

Deoptimization events (20 events):
Event: 1672.030 Thread 0x000001d77e6d8000 DEOPT PACKING pc=0x000001d76ce72abc sp=0x0000001ffa7f9140
Event: 1672.030 Thread 0x000001d77e6d8000 DEOPT UNPACKING pc=0x000001d764c978af sp=0x0000001ffa7f9100 mode 2
Event: 1672.083 Thread 0x000001d77e6d8000 Uncommon trap: trap_request=0xffffffc6 fr.pc=0x000001d76cdcdd3c relative=0x000000000000009c
Event: 1672.083 Thread 0x000001d77e6d8000 Uncommon trap: reason=bimorphic_or_optimized_type_check action=maybe_recompile pc=0x000001d76cdcdd3c method=java.util.AbstractList$RandomAccessSpliterator.getFence()I @ 34 c2
Event: 1672.083 Thread 0x000001d77e6d8000 DEOPT PACKING pc=0x000001d76cdcdd3c sp=0x0000001ffa7fc320
Event: 1672.083 Thread 0x000001d77e6d8000 DEOPT UNPACKING pc=0x000001d764c978af sp=0x0000001ffa7fc2a0 mode 2
Event: 1672.139 Thread 0x000001d701119000 DEOPT PACKING pc=0x000001d766d0a9fd sp=0x0000001ff7dfe7a0
Event: 1672.139 Thread 0x000001d701119000 DEOPT UNPACKING pc=0x000001d764c976ce sp=0x0000001ff7dfdc68 mode 0
Event: 1672.147 Thread 0x000001d706aad000 Uncommon trap: trap_request=0xffffff4d fr.pc=0x000001d76ce530d4 relative=0x0000000000000494
Event: 1672.147 Thread 0x000001d706aad000 Uncommon trap: reason=unstable_if action=reinterpret pc=0x000001d76ce530d4 method=org.apache.xerces.dom.ParentNode.nodeListItem(I)Lorg/w3c/dom/Node; @ 26 c2
Event: 1672.147 Thread 0x000001d706aad000 DEOPT PACKING pc=0x000001d76ce530d4 sp=0x0000001ffa2fdca0
Event: 1672.147 Thread 0x000001d706aad000 DEOPT UNPACKING pc=0x000001d764c978af sp=0x0000001ffa2fdbe8 mode 2
Event: 1672.147 Thread 0x000001d706aad000 Uncommon trap: trap_request=0xffffff4d fr.pc=0x000001d76ce51dd4 relative=0x0000000000000494
Event: 1672.147 Thread 0x000001d706aad000 Uncommon trap: reason=unstable_if action=reinterpret pc=0x000001d76ce51dd4 method=org.apache.xerces.dom.ParentNode.nodeListItem(I)Lorg/w3c/dom/Node; @ 26 c2
Event: 1672.147 Thread 0x000001d706aad000 DEOPT PACKING pc=0x000001d76ce51dd4 sp=0x0000001ffa2fdcc0
Event: 1672.147 Thread 0x000001d706aad000 DEOPT UNPACKING pc=0x000001d764c978af sp=0x0000001ffa2fdc70 mode 2
Event: 1672.162 Thread 0x000001d77e6ce000 Uncommon trap: trap_request=0xffffff4d fr.pc=0x000001d76ce6d280 relative=0x0000000000001fe0
Event: 1672.164 Thread 0x000001d77e6ce000 Uncommon trap: reason=unstable_if action=reinterpret pc=0x000001d76ce6d280 method=java.util.concurrent.ConcurrentHashMap.computeIfAbsent(Ljava/lang/Object;Ljava/util/function/Function;)Ljava/lang/Object; @ 104 c2
Event: 1672.164 Thread 0x000001d77e6ce000 DEOPT PACKING pc=0x000001d76ce6d280 sp=0x0000001ff9efe060
Event: 1672.164 Thread 0x000001d77e6ce000 DEOPT UNPACKING pc=0x000001d764c978af sp=0x0000001ff9efe018 mode 2

Classes redefined (0 events):
No events

Internal exceptions (20 events):
Event: 1668.228 Thread 0x000001d70111c800 Exception <a 'sun/nio/fs/WindowsException'{0x000000008a0016c8}> (0x000000008a0016c8) thrown at [./src/hotspot/share/prims/jni.cpp, line 615]
Event: 1668.228 Thread 0x000001d70111c800 Exception <a 'sun/nio/fs/WindowsException'{0x000000008a002748}> (0x000000008a002748) thrown at [./src/hotspot/share/prims/jni.cpp, line 615]
Event: 1668.228 Thread 0x000001d70111c800 Exception <a 'sun/nio/fs/WindowsException'{0x000000008a0037c8}> (0x000000008a0037c8) thrown at [./src/hotspot/share/prims/jni.cpp, line 615]
Event: 1668.367 Thread 0x000001d70111c800 Exception <a 'java/lang/NoSuchMethodError'{0x0000000089de3d68}: 'java.lang.Object java.lang.invoke.Invokers$Holder.linkToTargetMethod(java.lang.Object, int, int, java.lang.Object)'> (0x0000000089de3d68) thrown at [./src/hotspot/share/interpreter/linkResolver.cpp, line 773]
Event: 1668.862 Thread 0x000001d701119000 Exception <a 'java/lang/NoSuchMethodError'{0x000000008b076ab8}: <clinit>> (0x000000008b076ab8) thrown at [./src/hotspot/share/prims/jni.cpp, line 1362]
Event: 1668.865 Thread 0x000001d701119000 Exception <a 'java/lang/NoSuchMethodError'{0x000000008b07fe90}: <clinit>> (0x000000008b07fe90) thrown at [./src/hotspot/share/prims/jni.cpp, line 1362]
Event: 1668.868 Thread 0x000001d701119000 Exception <a 'java/lang/NoSuchMethodError'{0x000000008928a488}: <clinit>> (0x000000008928a488) thrown at [./src/hotspot/share/prims/jni.cpp, line 1362]
Event: 1668.870 Thread 0x000001d701119000 Exception <a 'java/lang/NoSuchMethodError'{0x000000008929a340}: <clinit>> (0x000000008929a340) thrown at [./src/hotspot/share/prims/jni.cpp, line 1362]
Event: 1668.871 Thread 0x000001d701119000 Exception <a 'java/lang/NoSuchMethodError'{0x000000008929b618}: <clinit>> (0x000000008929b618) thrown at [./src/hotspot/share/prims/jni.cpp, line 1362]
Event: 1668.924 Thread 0x000001d77e6d6800 Exception <a 'java/lang/NoSuchMethodError'{0x0000000088f60e00}: <clinit>> (0x0000000088f60e00) thrown at [./src/hotspot/share/prims/jni.cpp, line 1362]
Event: 1668.927 Thread 0x000001d77e6d6800 Exception <a 'java/lang/NoSuchMethodError'{0x0000000088f886b0}: <clinit>> (0x0000000088f886b0) thrown at [./src/hotspot/share/prims/jni.cpp, line 1362]
Event: 1668.932 Thread 0x000001d77e6d6800 Exception <a 'java/lang/NoSuchMethodError'{0x0000000088fa1ac8}: <clinit>> (0x0000000088fa1ac8) thrown at [./src/hotspot/share/prims/jni.cpp, line 1362]
Event: 1668.936 Thread 0x000001d701119000 Exception <a 'java/lang/NoSuchMethodError'{0x00000000892f8d70}: <clinit>> (0x00000000892f8d70) thrown at [./src/hotspot/share/prims/jni.cpp, line 1362]
Event: 1670.144 Thread 0x000001d706ab3000 Implicit null exception at 0x000001d76c9cf184 to 0x000001d76c9cf37c
Event: 1670.773 Thread 0x000001d706ab3000 Exception <a 'java/lang/OutOfMemoryError'{0x0000000089e32ce8}: (class: org/mozilla/universalchardet/prober/distributionanalysis/Big5DistributionAnalysis, method: <clinit> signature: ()V) > (0x0000000089e32ce8) thrown at [./src/hotspot/share/classfile/verifier.cpp, line 321]
Event: 1670.776 Thread 0x000001d706ab3000 Exception <a 'java/lang/reflect/InvocationTargetException'{0x0000000089e33ab8}> (0x0000000089e33ab8) thrown at [./src/hotspot/share/runtime/reflection.cpp, line 1247]
Event: 1670.804 Thread 0x000001d706ab3000 Exception <a 'java/lang/NoSuchMethodError'{0x0000000089efc4f8}: 'void java.lang.invoke.DirectMethodHandle$Holder.invokeStatic(java.lang.Object, java.lang.Object, java.lang.Object, java.lang.Object, java.lang.Object, java.lang.Object, java.lang.Object)'> (0x0000000089efc4f8) thrown at [./src/hotspot/share/interpreter/linkResolver.cpp, line 773]
Event: 1670.845 Thread 0x000001d701119000 Exception <a 'java/lang/NoSuchMethodError'{0x0000000089886390}: <clinit>> (0x0000000089886390) thrown at [./src/hotspot/share/prims/jni.cpp, line 1362]
Event: 1670.850 Thread 0x000001d701119000 Exception <a 'java/lang/NoSuchMethodError'{0x0000000089701410}: <clinit>> (0x0000000089701410) thrown at [./src/hotspot/share/prims/jni.cpp, line 1362]
Event: 1670.851 Thread 0x000001d701119000 Exception <a 'java/lang/NoSuchMethodError'{0x0000000089709190}: <clinit>> (0x0000000089709190) thrown at [./src/hotspot/share/prims/jni.cpp, line 1362]

Events (20 events):
Event: 1672.136 loading class kotlin/jvm/JvmDefault
Event: 1672.136 loading class kotlin/jvm/JvmDefault done
Event: 1672.136 loading class org/gradle/internal/snapshot/UnknownFileSystemNode
Event: 1672.136 loading class org/gradle/internal/snapshot/UnknownFileSystemNode done
Event: 1672.136 Executing VM operation: RevokeBias
Event: 1672.136 Executing VM operation: RevokeBias done
Event: 1672.137 Executing VM operation: RevokeBias
Event: 1672.137 Executing VM operation: RevokeBias done
Event: 1672.137 Executing VM operation: Deoptimize
Event: 1672.139 Executing VM operation: Deoptimize done
Event: 1672.145 loading class com/android/build/gradle/tasks/XmlDocumentUtilsKt
Event: 1672.145 loading class com/android/build/gradle/tasks/XmlDocumentUtilsKt done
Event: 1672.150 Executing VM operation: RevokeBias
Event: 1672.151 Executing VM operation: RevokeBias done
Event: 1672.162 Executing VM operation: RevokeBias
Event: 1672.164 Executing VM operation: RevokeBias done
Event: 1672.164 Executing VM operation: RevokeBias
Event: 1672.165 Executing VM operation: RevokeBias done
Event: 1672.168 Executing VM operation: RevokeBias
Event: 1672.168 Executing VM operation: RevokeBias done


Dynamic libraries:
0x00007ff7f4400000 - 0x00007ff7f440a000 	C:\Program Files\Android\Android Studio\jre\bin\java.exe
0x00007ffa2a080000 - 0x00007ffa2a270000 	C:\WINDOWS\SYSTEM32\ntdll.dll
0x00007ffa29280000 - 0x00007ffa29332000 	C:\WINDOWS\System32\KERNEL32.DLL
0x00007ffa27cc0000 - 0x00007ffa27f65000 	C:\WINDOWS\System32\KERNELBASE.dll
0x00007ffa27440000 - 0x00007ffa2753a000 	C:\WINDOWS\System32\ucrtbase.dll
0x00007ffa1dc70000 - 0x00007ffa1dc87000 	C:\Program Files\Android\Android Studio\jre\bin\VCRUNTIME140.dll
0x00007ffa1fa50000 - 0x00007ffa1fa69000 	C:\Program Files\Android\Android Studio\jre\bin\jli.dll
0x00007ffa29470000 - 0x00007ffa29604000 	C:\WINDOWS\System32\USER32.dll
0x00007ffa28080000 - 0x00007ffa280a1000 	C:\WINDOWS\System32\win32u.dll
0x00007ffa15c70000 - 0x00007ffa15ef4000 	C:\WINDOWS\WinSxS\amd64_microsoft.windows.common-controls_6595b64144ccf1df_6.0.18362.1556_none_9e7e372fe45e41d5\COMCTL32.dll
0x00007ffa288a0000 - 0x00007ffa288c6000 	C:\WINDOWS\System32\GDI32.dll
0x00007ffa29120000 - 0x00007ffa291be000 	C:\WINDOWS\System32\msvcrt.dll
0x00007ffa26ff0000 - 0x00007ffa27188000 	C:\WINDOWS\System32\gdi32full.dll
0x00007ffa27240000 - 0x00007ffa272de000 	C:\WINDOWS\System32\msvcp_win.dll
0x00007ffa29cd0000 - 0x00007ffa2a006000 	C:\WINDOWS\System32\combase.dll
0x00007ffa29a10000 - 0x00007ffa29b2f000 	C:\WINDOWS\System32\RPCRT4.dll
0x00007ffa27ff0000 - 0x00007ffa28071000 	C:\WINDOWS\System32\bcryptPrimitives.dll
0x00007ffa299e0000 - 0x00007ffa29a0e000 	C:\WINDOWS\System32\IMM32.DLL
0x00007ffa002f0000 - 0x00007ffa0038d000 	C:\Program Files\Android\Android Studio\jre\bin\msvcp140.dll
0x00007ff9ea0f0000 - 0x00007ff9eabbf000 	C:\Program Files\Android\Android Studio\jre\bin\server\jvm.dll
0x00007ffa293c0000 - 0x00007ffa29463000 	C:\WINDOWS\System32\ADVAPI32.dll
0x00007ffa29b30000 - 0x00007ffa29bc7000 	C:\WINDOWS\System32\sechost.dll
0x00007ffa29bf0000 - 0x00007ffa29bf8000 	C:\WINDOWS\System32\PSAPI.DLL
0x00007ffa11aa0000 - 0x00007ffa11aa9000 	C:\WINDOWS\SYSTEM32\WSOCK32.dll
0x00007ffa29610000 - 0x00007ffa2967f000 	C:\WINDOWS\System32\WS2_32.dll
0x00007ffa24e60000 - 0x00007ffa24e84000 	C:\WINDOWS\SYSTEM32\WINMM.dll
0x00007ffa1dc90000 - 0x00007ffa1dc9a000 	C:\WINDOWS\SYSTEM32\VERSION.dll
0x00007ffa249e0000 - 0x00007ffa24a0d000 	C:\WINDOWS\SYSTEM32\winmmbase.dll
0x00007ffa280b0000 - 0x00007ffa280fa000 	C:\WINDOWS\System32\cfgmgr32.dll
0x00007ffa26fa0000 - 0x00007ffa26fb1000 	C:\WINDOWS\System32\kernel.appcore.dll
0x00007ffa1d140000 - 0x00007ffa1d151000 	C:\Program Files\Android\Android Studio\jre\bin\verify.dll
0x00007ffa14600000 - 0x00007ffa147f4000 	C:\WINDOWS\SYSTEM32\DBGHELP.DLL
0x00007ffa134a0000 - 0x00007ffa134ca000 	C:\WINDOWS\SYSTEM32\dbgcore.DLL
0x00007ffa1cd60000 - 0x00007ffa1cd89000 	C:\Program Files\Android\Android Studio\jre\bin\java.dll
0x00007ffa21d60000 - 0x00007ffa21d6b000 	C:\Program Files\Android\Android Studio\jre\bin\jimage.dll
0x00007ffa1cd40000 - 0x00007ffa1cd58000 	C:\Program Files\Android\Android Studio\jre\bin\zip.dll
0x00007ffa281b0000 - 0x00007ffa28897000 	C:\WINDOWS\System32\SHELL32.dll
0x00007ffa28100000 - 0x00007ffa281a8000 	C:\WINDOWS\System32\shcore.dll
0x00007ffa27540000 - 0x00007ffa27cbb000 	C:\WINDOWS\System32\windows.storage.dll
0x00007ffa26f60000 - 0x00007ffa26f7e000 	C:\WINDOWS\System32\profapi.dll
0x00007ffa26f10000 - 0x00007ffa26f5a000 	C:\WINDOWS\System32\powrprof.dll
0x00007ffa26f00000 - 0x00007ffa26f10000 	C:\WINDOWS\System32\UMPDC.dll
0x00007ffa29980000 - 0x00007ffa299d2000 	C:\WINDOWS\System32\shlwapi.dll
0x00007ffa27fd0000 - 0x00007ffa27fe7000 	C:\WINDOWS\System32\cryptsp.dll
0x00007ffa1cd20000 - 0x00007ffa1cd3a000 	C:\Program Files\Android\Android Studio\jre\bin\net.dll
0x00007ffa19f80000 - 0x00007ffa1a07a000 	C:\WINDOWS\SYSTEM32\WINHTTP.dll
0x00007ffa266e0000 - 0x00007ffa26747000 	C:\WINDOWS\system32\mswsock.dll
0x00007ffa1cd00000 - 0x00007ffa1cd14000 	C:\Program Files\Android\Android Studio\jre\bin\nio.dll
0x00007ffa21d10000 - 0x00007ffa21d37000 	C:\Users\HONOR\.gradle\native\8bec1ad78214c89d9ad589b4d07fe93259594b29d510b10fafb7a158f7737e5d\windows-amd64\native-platform.dll
0x00007ffa1d3b0000 - 0x00007ffa1d4ed000 	C:\Users\HONOR\.gradle\native\53dbd7edfb1c66fb8903c78663c9afc45aea4f116125fa6feffd364cf09443e8\windows-amd64\native-platform-file-events.dll
0x00007ffa1f2a0000 - 0x00007ffa1f2aa000 	C:\Program Files\Android\Android Studio\jre\bin\management.dll
0x00007ffa1de30000 - 0x00007ffa1de3c000 	C:\Program Files\Android\Android Studio\jre\bin\management_ext.dll
0x00007ffa26260000 - 0x00007ffa26293000 	C:\WINDOWS\system32\rsaenh.dll
0x00007ffa26fc0000 - 0x00007ffa26fe6000 	C:\WINDOWS\System32\bcrypt.dll
0x00007ffa26df0000 - 0x00007ffa26e15000 	C:\WINDOWS\SYSTEM32\USERENV.dll
0x00007ffa268b0000 - 0x00007ffa268bc000 	C:\WINDOWS\SYSTEM32\CRYPTBASE.dll
0x00007ffa263f0000 - 0x00007ffa2642a000 	C:\WINDOWS\SYSTEM32\IPHLPAPI.DLL
0x00007ffa291c0000 - 0x00007ffa291c8000 	C:\WINDOWS\System32\NSI.dll
0x00007ffa1e240000 - 0x00007ffa1e256000 	C:\WINDOWS\SYSTEM32\dhcpcsvc6.DLL
0x00007ffa1e1e0000 - 0x00007ffa1e1fc000 	C:\WINDOWS\SYSTEM32\dhcpcsvc.DLL
0x00007ffa26430000 - 0x00007ffa264fb000 	C:\WINDOWS\SYSTEM32\DNSAPI.dll

dbghelp: loaded successfully - version: 4.0.5 - missing functions: none
symbol engine: initialized successfully - sym options: 0x614 - pdb path: .;C:\Program Files\Android\Android Studio\jre\bin;C:\WINDOWS\SYSTEM32;C:\WINDOWS\WinSxS\amd64_microsoft.windows.common-controls_6595b64144ccf1df_6.0.18362.1556_none_9e7e372fe45e41d5;C:\Program Files\Android\Android Studio\jre\bin\server;C:\Users\HONOR\.gradle\native\8bec1ad78214c89d9ad589b4d07fe93259594b29d510b10fafb7a158f7737e5d\windows-amd64;C:\Users\HONOR\.gradle\native\53dbd7edfb1c66fb8903c78663c9afc45aea4f116125fa6feffd364cf09443e8\windows-amd64

VM Arguments:
jvm_args: --add-opens=java.base/java.util=ALL-UNNAMED --add-opens=java.base/java.lang=ALL-UNNAMED --add-opens=java.base/java.lang.invoke=ALL-UNNAMED --add-opens=java.base/java.util=ALL-UNNAMED --add-opens=java.prefs/java.util.prefs=ALL-UNNAMED --add-opens=java.prefs/java.util.prefs=ALL-UNNAMED --add-opens=java.base/java.nio.charset=ALL-UNNAMED --add-opens=java.base/java.net=ALL-UNNAMED --add-opens=java.base/java.util.concurrent.atomic=ALL-UNNAMED -Xmx2048m -Dfile.encoding=UTF-8 -Duser.country=RU -Duser.language=ru -Duser.variant 
java_command: org.gradle.launcher.daemon.bootstrap.GradleDaemon 7.0.2
java_class_path (initial): C:\Users\HONOR\.gradle\wrapper\dists\gradle-7.0.2-bin\857tjihv64xamwrf0h14cai3r\gradle-7.0.2\lib\gradle-launcher-7.0.2.jar
Launcher Type: SUN_STANDARD

[Global flags]
     intx CICompilerCount                          = 4                                         {product} {ergonomic}
     uint ConcGCThreads                            = 2                                         {product} {ergonomic}
     uint G1ConcRefinementThreads                  = 8                                         {product} {ergonomic}
   size_t G1HeapRegionSize                         = 1048576                                   {product} {ergonomic}
    uintx GCDrainStackTargetSize                   = 64                                        {product} {ergonomic}
   size_t InitialHeapSize                          = 117440512                                 {product} {ergonomic}
   size_t MarkStackSize                            = 4194304                                   {product} {ergonomic}
   size_t MaxHeapSize                              = 2147483648                                {product} {command line}
   size_t MaxNewSize                               = 1287651328                                {product} {ergonomic}
   size_t MinHeapDeltaBytes                        = 1048576                                   {product} {ergonomic}
    uintx NonNMethodCodeHeapSize                   = 5836300                                {pd product} {ergonomic}
    uintx NonProfiledCodeHeapSize                  = 122910970                              {pd product} {ergonomic}
    uintx ProfiledCodeHeapSize                     = 122910970                              {pd product} {ergonomic}
    uintx ReservedCodeCacheSize                    = 251658240                              {pd product} {ergonomic}
     bool SegmentedCodeCache                       = true                                      {product} {ergonomic}
     bool UseCompressedClassPointers               = true                                 {lp64_product} {ergonomic}
     bool UseCompressedOops                        = true                                 {lp64_product} {ergonomic}
     bool UseG1GC                                  = true                                      {product} {ergonomic}
     bool UseLargePagesIndividualAllocation        = false                                  {pd product} {ergonomic}

Logging:
Log output configuration:
 #0: stdout all=warning uptime,level,tags
 #1: stderr all=off uptime,level,tags

Environment Variables:
JAVA_HOME=C:\Program Files\Java\jdk1.8.0_231
PATH=C:\Program Files\Common Files\Oracle\Java\javapath;C:\Users\HONOR\gcc\bin;C:\Users\HONOR\gcc\libexec\gcc\x86_64-w64-mingw32\8.3.0;C:\Program Files (x86)\Common Files\Oracle\Java\javapath;C:\ProgramData\Oracle\Java\javapath;C:\WINDOWS\system32;C:\WINDOWS;C:\WINDOWS\System32\Wbem;C:\WINDOWS\System32\WindowsPowerShell\v1.0\;C:\WINDOWS\System32\OpenSSH\;C:\Program Files\Intel\WiFi\bin\;C:\Program Files\Common Files\Intel\WirelessCommon\;C:\Program Files\dotnet\;C:\Program Files\Java\jdk1.8.0_231\bin;D:\;C:\Program Files\nodejs\;C:\Program Files (x86)\dotnet\;C:\Program Files\Git\cmd;C:\Program Files\MySQL\MySQL Shell 8.0\bin\;C:\Users\HONOR\AppData\Local\Android\Sdk\platform-tools;C:\Users\HONOR\AppData\Local\Android\Sdk\tools;C:\Users\HONOR\AppData\Local\Programs\Python\Python38-32\Scripts\;C:\Users\HONOR\AppData\Local\Programs\Python\Python38-32\;C:\Program Files\Java\jdk1.8.0_231\bin;D:\Microsoft VS Code\bin;C:\Users\HONOR\.dotnet\tools;C:\Users\HONOR\AppData\Local\Microsoft\WindowsApps;C:\Program Files\Tesseract-OCR\tesseract.exe;C:\Program Files\JetBrains\PyCharm Community Edition 2020.2.3\bin;C:\Users\HONOR\.dotnet\tools;C:\Users\HONOR\AppData\Roaming\npm;C:\Users\HONOR\AppData\Local\JetBrains\Toolbox\scripts;
USERNAME=HONOR
OS=Windows_NT
PROCESSOR_IDENTIFIER=AMD64 Family 23 Model 17 Stepping 0, AuthenticAMD



---------------  S Y S T E M  ---------------

OS: Windows 10 , 64 bit Build 18362 (10.0.18362.1500)
OS uptime: 81 days 15:27 hours

CPU:total 8 (initial active 8) (8 cores per cpu, 2 threads per core) family 23 model 17 stepping 0 microcode 0x0, cmov, cx8, fxsr, mmx, sse, sse2, sse3, ssse3, sse4.1, sse4.2, popcnt, avx, avx2, aes, clmul, mmxext, 3dnowpref, lzcnt, sse4a, ht, tsc, tscinvbit, tscinv, bmi1, bmi2, adx, s

Memory: 4k page, system-wide physical 7069M (304M free)
TotalPageFile size 20416M (AvailPageFile size 4M)
current process WorkingSet (physical memory assigned to process): 351M, peak: 379M
current process commit charge ("private bytes"): 529M, peak: 530M

vm_info: OpenJDK 64-Bit Server VM (11.0.10+0-b96-7249189) for windows-amd64 JRE (11.0.10+0-b96-7249189), built on Mar 31 2021 21:44:00 by "builder" with MS VC++ 14.0 (VS2015)

END.
