#
# There is insufficient memory for the Java Runtime Environment to continue.
# Native memory allocation (malloc) failed to allocate 1957936 bytes for Chunk::new
# Possible reasons:
#   The system is out of physical RAM or swap space
#   The process is running with CompressedOops enabled, and the Java Heap may be blocking the growth of the native heap
# Possible solutions:
#   Reduce memory load on the system
#   Increase physical memory or swap space
#   Check if swap backing store is full
#   Decrease Java heap size (-Xmx/-Xms)
#   Decrease number of Java threads
#   Decrease Java thread stack sizes (-Xss)
#   Set larger code cache with -XX:ReservedCodeCacheSize=
#   JVM is running with Unscaled Compressed Oops mode in which the Java heap is
#     placed in the first 4GB address space. The Java Heap base address is the
#     maximum limit for the native heap growth. Please use -XX:HeapBaseMinAddress
#     to set the Java Heap base and to place the Java Heap above 4GB virtual address.
# This output file may be truncated or incomplete.
#
#  Out of Memory Error (./src/hotspot/share/memory/arena.cpp:197), pid=13036, tid=27160
#
# JRE version: OpenJDK Runtime Environment (11.0.10) (build 11.0.10+0-b96-7249189)
# Java VM: OpenJDK 64-Bit Server VM (11.0.10+0-b96-7249189, mixed mode, tiered, compressed oops, g1 gc, windows-amd64)
# No core dump will be written. Minidumps are not enabled by default on client versions of Windows
#

---------------  S U M M A R Y ------------

Command Line: --add-opens=java.base/java.util=ALL-UNNAMED --add-opens=java.base/java.lang=ALL-UNNAMED --add-opens=java.base/java.lang.invoke=ALL-UNNAMED --add-opens=java.base/java.util=ALL-UNNAMED --add-opens=java.prefs/java.util.prefs=ALL-UNNAMED --add-opens=java.prefs/java.util.prefs=ALL-UNNAMED --add-opens=java.base/java.nio.charset=ALL-UNNAMED --add-opens=java.base/java.net=ALL-UNNAMED --add-opens=java.base/java.util.concurrent.atomic=ALL-UNNAMED -Xmx2048m -Dfile.encoding=UTF-8 -Duser.country=RU -Duser.language=ru -Duser.variant org.gradle.launcher.daemon.bootstrap.GradleDaemon 7.0.2

Host: AMD Ryzen 5 2500U with Radeon Vega Mobile Gfx  , 8 cores, 6G,  Windows 10 , 64 bit Build 18362 (10.0.18362.1500)
Time: Mon Jan  9 05:35:31 2023 RTZ 7 (ceia) elapsed time: 3997.680999 seconds (0d 1h 6m 37s)

---------------  T H R E A D  ---------------

Current thread (0x000001e55549e000):  JavaThread "C2 CompilerThread0" daemon [_thread_in_native, id=27160, stack(0x0000005381600000,0x0000005381700000)]


Current CompileTask:
C2:3997681 24726       4       java.lang.Class::getMethod (59 bytes)

Stack: [0x0000005381600000,0x0000005381700000]
Native frames: (J=compiled Java code, j=interpreted, Vv=VM code, C=native code)
V  [jvm.dll+0x5ecfaa]
V  [jvm.dll+0x722bd5]
V  [jvm.dll+0x72412d]
V  [jvm.dll+0x7247e3]
V  [jvm.dll+0x242928]
V  [jvm.dll+0xbc4fc]
V  [jvm.dll+0xbca0c]
V  [jvm.dll+0x352d7d]
V  [jvm.dll+0x320ad3]
V  [jvm.dll+0x31ffca]
V  [jvm.dll+0x1fb602]
V  [jvm.dll+0x1fa7f4]
V  [jvm.dll+0x18354c]
V  [jvm.dll+0x208ee7]
V  [jvm.dll+0x207731]
V  [jvm.dll+0x6eb1cf]
V  [jvm.dll+0x6e3d45]
V  [jvm.dll+0x5ebe96]
C  [ucrtbase.dll+0x210b2]
C  [KERNEL32.DLL+0x17c24]
C  [ntdll.dll+0x6d721]


---------------  P R O C E S S  ---------------

Threads class SMR info:
_java_thread_list=0x000001e55c8d1240, length=53, elements={
0x000001e539072800, 0x000001e55546f800, 0x000001e555474000, 0x000001e555dfa000,
0x000001e555dfd000, 0x000001e555dfe800, 0x000001e55549e000, 0x000001e5554a3800,
0x000001e5554a5000, 0x000001e555f62000, 0x000001e557fc4800, 0x000001e556121000,
0x000001e5566c8000, 0x000001e559455800, 0x000001e559456800, 0x000001e559455000,
0x000001e559459000, 0x000001e559459800, 0x000001e55b3a8000, 0x000001e55b3a9000,
0x000001e55b3a5000, 0x000001e55b3aa000, 0x000001e55b3ac000, 0x000001e55b3b3800,
0x000001e55966d000, 0x000001e55966c000, 0x000001e55966b800, 0x000001e55966e000,
0x000001e559669800, 0x000001e558094000, 0x000001e55b080800, 0x000001e558097800,
0x000001e558099000, 0x000001e558096800, 0x000001e558095800, 0x000001e558098000,
0x000001e558093000, 0x000001e55809e800, 0x000001e55809e000, 0x000001e55809a800,
0x000001e55809d000, 0x000001e55809f800, 0x000001e55b6e3800, 0x000001e5580a1000,
0x000001e55809c000, 0x000001e5580a0800, 0x000001e55b07f800, 0x000001e55b07f000,
0x000001e55b081800, 0x000001e55b082000, 0x000001e55b083000, 0x000001e55b07e000,
0x000001e55b07d800
}

Java Threads: ( => current thread )
  0x000001e539072800 JavaThread "main" [_thread_blocked, id=33624, stack(0x0000005380a00000,0x0000005380b00000)]
  0x000001e55546f800 JavaThread "Reference Handler" daemon [_thread_blocked, id=22396, stack(0x0000005381100000,0x0000005381200000)]
  0x000001e555474000 JavaThread "Finalizer" daemon [_thread_blocked, id=3248, stack(0x0000005381200000,0x0000005381300000)]
  0x000001e555dfa000 JavaThread "Signal Dispatcher" daemon [_thread_blocked, id=39604, stack(0x0000005381300000,0x0000005381400000)]
  0x000001e555dfd000 JavaThread "Attach Listener" daemon [_thread_blocked, id=27452, stack(0x0000005381400000,0x0000005381500000)]
  0x000001e555dfe800 JavaThread "Service Thread" daemon [_thread_blocked, id=29684, stack(0x0000005381500000,0x0000005381600000)]
=>0x000001e55549e000 JavaThread "C2 CompilerThread0" daemon [_thread_in_native, id=27160, stack(0x0000005381600000,0x0000005381700000)]
  0x000001e5554a3800 JavaThread "C1 CompilerThread0" daemon [_thread_blocked, id=23088, stack(0x0000005381700000,0x0000005381800000)]
  0x000001e5554a5000 JavaThread "Sweeper thread" daemon [_thread_blocked, id=9648, stack(0x0000005381800000,0x0000005381900000)]
  0x000001e555f62000 JavaThread "Common-Cleaner" daemon [_thread_blocked, id=10048, stack(0x0000005381900000,0x0000005381a00000)]
  0x000001e557fc4800 JavaThread "Daemon health stats" [_thread_blocked, id=16340, stack(0x0000005381e00000,0x0000005381f00000)]
  0x000001e556121000 JavaThread "Incoming local TCP Connector on port 49298" [_thread_in_native, id=23988, stack(0x0000005381b00000,0x0000005381c00000)]
  0x000001e5566c8000 JavaThread "Daemon periodic checks" [_thread_blocked, id=28020, stack(0x0000005381c00000,0x0000005381d00000)]
  0x000001e559455800 JavaThread "Cache worker for file hash cache (C:\Users\HONOR\.gradle\caches\7.0.2\fileHashes)" [_thread_blocked, id=33128, stack(0x0000005382c00000,0x0000005382d00000)]
  0x000001e559456800 JavaThread "File lock request listener" [_thread_in_native, id=11252, stack(0x0000005382d00000,0x0000005382e00000)]
  0x000001e559455000 JavaThread "Cache worker for journal cache (C:\Users\HONOR\.gradle\caches\journal-1)" [_thread_blocked, id=23376, stack(0x0000005382f00000,0x0000005383000000)]
  0x000001e559459000 JavaThread "File watcher server" daemon [_thread_in_native, id=25944, stack(0x0000005383200000,0x0000005383300000)]
  0x000001e559459800 JavaThread "File watcher consumer" daemon [_thread_blocked, id=10432, stack(0x0000005383300000,0x0000005383400000)]
  0x000001e55b3a8000 JavaThread "Cache worker for execution history cache (C:\Users\HONOR\.gradle\caches\7.0.2\executionHistory)" [_thread_blocked, id=34176, stack(0x0000005383700000,0x0000005383800000)]
  0x000001e55b3a9000 JavaThread "jar transforms" [_thread_blocked, id=10316, stack(0x0000005383800000,0x0000005383900000)]
  0x000001e55b3a5000 JavaThread "jar transforms Thread 2" [_thread_blocked, id=32192, stack(0x0000005383900000,0x0000005383a00000)]
  0x000001e55b3aa000 JavaThread "Cache worker for file content cache (C:\Users\HONOR\.gradle\caches\7.0.2\fileContent)" [_thread_blocked, id=32672, stack(0x0000005383a00000,0x0000005383b00000)]
  0x000001e55b3ac000 JavaThread "jar transforms Thread 3" [_thread_blocked, id=37524, stack(0x0000005383c00000,0x0000005383d00000)]
  0x000001e55b3b3800 JavaThread "jar transforms Thread 4" [_thread_blocked, id=1180, stack(0x0000005384600000,0x0000005384700000)]
  0x000001e55966d000 JavaThread "jar transforms Thread 5" [_thread_blocked, id=26088, stack(0x0000005384700000,0x0000005384800000)]
  0x000001e55966c000 JavaThread "jar transforms Thread 6" [_thread_blocked, id=12052, stack(0x0000005384800000,0x0000005384900000)]
  0x000001e55966b800 JavaThread "jar transforms Thread 7" [_thread_blocked, id=10364, stack(0x0000005384900000,0x0000005384a00000)]
  0x000001e55966e000 JavaThread "jar transforms Thread 8" [_thread_blocked, id=6764, stack(0x0000005384a00000,0x0000005384b00000)]
  0x000001e559669800 JavaThread "Memory manager" [_thread_blocked, id=13768, stack(0x0000005383000000,0x0000005383100000)]
  0x000001e558094000 JavaThread "Cache worker for Java compile cache (C:\Users\HONOR\.gradle\caches\7.0.2\javaCompile)" [_thread_blocked, id=25288, stack(0x0000005385200000,0x0000005385300000)]
  0x000001e55b080800 JavaThread "ForkJoinPool.commonPool-worker-1" daemon [_thread_blocked, id=38596, stack(0x0000005386100000,0x0000005386200000)]
  0x000001e558097800 JavaThread "Daemon Thread 14" [_thread_blocked, id=26516, stack(0x0000005380700000,0x0000005380800000)]
  0x000001e558099000 JavaThread "Handler for socket connection from /127.0.0.1:49298 to /127.0.0.1:50636" [_thread_in_native, id=12972, stack(0x0000005380800000,0x0000005380900000)]
  0x000001e558096800 JavaThread "Cancel handler" [_thread_blocked, id=37116, stack(0x0000005380900000,0x0000005380a00000)]
  0x000001e558095800 JavaThread "Daemon worker Thread 14" [_thread_in_vm, id=40480, stack(0x0000005381f00000,0x0000005382000000)]
  0x000001e558098000 JavaThread "Asynchronous log dispatcher for DefaultDaemonConnection: socket connection from /127.0.0.1:49298 to /127.0.0.1:50636" [_thread_blocked, id=23364, stack(0x0000005382000000,0x0000005382100000)]
  0x000001e558093000 JavaThread "Stdin handler" [_thread_blocked, id=39920, stack(0x0000005382100000,0x0000005382200000)]
  0x000001e55809e800 JavaThread "Daemon client event forwarder" [_thread_blocked, id=22640, stack(0x0000005382200000,0x0000005382300000)]
  0x000001e55809e000 JavaThread "Cache worker for file hash cache (C:\Users\HONOR\AndroidStudioProjects\Games\.gradle\7.0.2\fileHashes)" [_thread_blocked, id=25476, stack(0x0000005382300000,0x0000005382400000)]
  0x000001e55809a800 JavaThread "Cache worker for checksums cache (C:\Users\HONOR\AndroidStudioProjects\Games\.gradle\checksums)" [_thread_blocked, id=14700, stack(0x0000005382400000,0x0000005382500000)]
  0x000001e55809d000 JavaThread "Cache worker for cache directory md-supplier (C:\Users\HONOR\.gradle\caches\7.0.2\md-supplier)" [_thread_blocked, id=38884, stack(0x0000005382500000,0x0000005382600000)]
  0x000001e55809f800 JavaThread "Cache worker for cache directory md-rule (C:\Users\HONOR\.gradle\caches\7.0.2\md-rule)" [_thread_blocked, id=21060, stack(0x0000005383100000,0x0000005383200000)]
  0x000001e55b6e3800 JavaThread "C2 CompilerThread1" daemon [_thread_in_native_trans, id=8696, stack(0x0000005383400000,0x0000005383500000)]
  0x000001e5580a1000 JavaThread "Cache worker for dependencies-accessors (C:\Users\HONOR\AndroidStudioProjects\Games\.gradle\7.0.2\dependencies-accessors)" [_thread_blocked, id=23596, stack(0x0000005383500000,0x0000005383600000)]
  0x000001e55809c000 JavaThread "Cache worker for Build Output Cleanup Cache (C:\Users\HONOR\AndroidStudioProjects\Games\.gradle\buildOutputCleanup)" [_thread_blocked, id=34204, stack(0x0000005383600000,0x0000005383700000)]
  0x000001e5580a0800 JavaThread "Build operations" [_thread_blocked, id=37104, stack(0x0000005383b00000,0x0000005383c00000)]
  0x000001e55b07f800 JavaThread "Build operations Thread 2" [_thread_blocked, id=7304, stack(0x0000005383d00000,0x0000005383e00000)]
  0x000001e55b07f000 JavaThread "Build operations Thread 3" [_thread_blocked, id=728, stack(0x0000005383e00000,0x0000005383f00000)]
  0x000001e55b081800 JavaThread "Build operations Thread 4" [_thread_blocked, id=31488, stack(0x0000005383f00000,0x0000005384000000)]
  0x000001e55b082000 JavaThread "Build operations Thread 5" [_thread_blocked, id=12156, stack(0x0000005384000000,0x0000005384100000)]
  0x000001e55b083000 JavaThread "Build operations Thread 6" [_thread_blocked, id=11228, stack(0x0000005384100000,0x0000005384200000)]
  0x000001e55b07e000 JavaThread "Build operations Thread 7" [_thread_blocked, id=16444, stack(0x0000005384200000,0x0000005384300000)]
  0x000001e55b07d800 JavaThread "Build operations Thread 8" [_thread_blocked, id=37044, stack(0x0000005384300000,0x0000005384400000)]

Other Threads:
  0x000001e55546b800 VMThread "VM Thread" [stack: 0x0000005381000000,0x0000005381100000] [id=36460]
  0x000001e555f6c000 WatcherThread [stack: 0x0000005381a00000,0x0000005381b00000] [id=26160]
  0x000001e53908a000 GCTaskThread "GC Thread#0" [stack: 0x0000005380b00000,0x0000005380c00000] [id=24316]
  0x000001e556a89800 GCTaskThread "GC Thread#1" [stack: 0x0000005381d00000,0x0000005381e00000] [id=35440]
  0x000001e558ad1000 GCTaskThread "GC Thread#2" [stack: 0x0000005382600000,0x0000005382700000] [id=18720]
  0x000001e5573e1000 GCTaskThread "GC Thread#3" [stack: 0x0000005382700000,0x0000005382800000] [id=17328]
  0x000001e5573e1800 GCTaskThread "GC Thread#4" [stack: 0x0000005382800000,0x0000005382900000] [id=38084]
  0x000001e5571c2800 GCTaskThread "GC Thread#5" [stack: 0x0000005382900000,0x0000005382a00000] [id=37724]
  0x000001e5571c3000 GCTaskThread "GC Thread#6" [stack: 0x0000005382a00000,0x0000005382b00000] [id=35208]
  0x000001e5571e2800 GCTaskThread "GC Thread#7" [stack: 0x0000005382b00000,0x0000005382c00000] [id=36464]
  0x000001e5390bd000 ConcurrentGCThread "G1 Main Marker" [stack: 0x0000005380c00000,0x0000005380d00000] [id=24460]
  0x000001e5390bf000 ConcurrentGCThread "G1 Conc#0" [stack: 0x0000005380d00000,0x0000005380e00000] [id=17644]
  0x000001e55745a800 ConcurrentGCThread "G1 Conc#1" [stack: 0x0000005382e00000,0x0000005382f00000] [id=33680]
  0x000001e5552c0800 ConcurrentGCThread "G1 Refine#0" [stack: 0x0000005380e00000,0x0000005380f00000] [id=27244]
  0x000001e5552c1800 ConcurrentGCThread "G1 Young RemSet Sampling" [stack: 0x0000005380f00000,0x0000005381000000] [id=34400]

Threads with active compile tasks:
C2 CompilerThread03997768 24726       4       java.lang.Class::getMethod (59 bytes)
C1 CompilerThread03997768 24895       3       org.gradle.tooling.internal.adapter.ProtocolToModelAdapter$AdaptingMethodInvoker::invoke (48 bytes)
C2 CompilerThread13997768 24860       4       org.gradle.internal.instantiation.generator.AbstractClassGenerator::inspectType (560 bytes)

VM state:not at safepoint (normal execution)

VM Mutex/Monitor currently owned by a thread: None

Heap address: 0x0000000080000000, size: 2048 MB, Compressed Oops mode: 32-bit
Narrow klass base: 0x0000000000000000, Narrow klass shift: 3
Compressed class space size: 1073741824 Address: 0x0000000100000000

Heap:
 garbage-first heap   total 199680K, used 131406K [0x0000000080000000, 0x0000000100000000)
  region size 1024K, 19 young (19456K), 3 survivors (3072K)
 Metaspace       used 128615K, capacity 132608K, committed 132940K, reserved 1165312K
  class space    used 16197K, capacity 17634K, committed 17740K, reserved 1048576K
Heap Regions: E=young(eden), S=young(survivor), O=old, HS=humongous(starts), HC=humongous(continues), CS=collection set, F=free, A=archive, TAMS=top-at-mark-start (previous, next)
|   0|0x0000000080000000, 0x0000000080100000, 0x0000000080100000|100%| O|  |TAMS 0x0000000080100000, 0x0000000080000000| Untracked 
|   1|0x0000000080100000, 0x0000000080200000, 0x0000000080200000|100%| O|  |TAMS 0x0000000080200000, 0x0000000080100000| Untracked 
|   2|0x0000000080200000, 0x0000000080300000, 0x0000000080300000|100%| O|  |TAMS 0x0000000080300000, 0x0000000080200000| Untracked 
|   3|0x0000000080300000, 0x0000000080400000, 0x0000000080400000|100%|HS|  |TAMS 0x0000000080400000, 0x0000000080300000| Complete 
|   4|0x0000000080400000, 0x0000000080500000, 0x0000000080500000|100%|HC|  |TAMS 0x0000000080500000, 0x0000000080400000| Complete 
|   5|0x0000000080500000, 0x0000000080600000, 0x0000000080600000|100%|HC|  |TAMS 0x0000000080600000, 0x0000000080500000| Complete 
|   6|0x0000000080600000, 0x0000000080700000, 0x0000000080700000|100%| O|  |TAMS 0x0000000080700000, 0x0000000080600000| Untracked 
|   7|0x0000000080700000, 0x0000000080800000, 0x0000000080800000|100%| O|  |TAMS 0x0000000080800000, 0x0000000080700000| Untracked 
|   8|0x0000000080800000, 0x0000000080900000, 0x0000000080900000|100%| O|  |TAMS 0x0000000080900000, 0x0000000080800000| Untracked 
|   9|0x0000000080900000, 0x0000000080a00000, 0x0000000080a00000|100%| O|  |TAMS 0x0000000080a00000, 0x0000000080900000| Untracked 
|  10|0x0000000080a00000, 0x0000000080b00000, 0x0000000080b00000|100%| O|  |TAMS 0x0000000080b00000, 0x0000000080a00000| Complete 
|  11|0x0000000080b00000, 0x0000000080c00000, 0x0000000080c00000|100%| O|  |TAMS 0x0000000080c00000, 0x0000000080b00000| Untracked 
|  12|0x0000000080c00000, 0x0000000080d00000, 0x0000000080d00000|100%| O|  |TAMS 0x0000000080d00000, 0x0000000080c00000| Untracked 
|  13|0x0000000080d00000, 0x0000000080e00000, 0x0000000080e00000|100%| O|  |TAMS 0x0000000080e00000, 0x0000000080d00000| Untracked 
|  14|0x0000000080e00000, 0x0000000080f00000, 0x0000000080f00000|100%| O|  |TAMS 0x0000000080f00000, 0x0000000080e00000| Complete 
|  15|0x0000000080f00000, 0x0000000081000000, 0x0000000081000000|100%| O|  |TAMS 0x0000000081000000, 0x0000000080f00000| Complete 
|  16|0x0000000081000000, 0x0000000081100000, 0x0000000081100000|100%|HS|  |TAMS 0x0000000081100000, 0x0000000081000000| Complete 
|  17|0x0000000081100000, 0x0000000081200000, 0x0000000081200000|100%| O|  |TAMS 0x0000000081200000, 0x0000000081100000| Untracked 
|  18|0x0000000081200000, 0x0000000081300000, 0x0000000081300000|100%| O|  |TAMS 0x0000000081300000, 0x0000000081200000| Complete 
|  19|0x0000000081300000, 0x0000000081400000, 0x0000000081400000|100%| O|  |TAMS 0x0000000081400000, 0x0000000081300000| Untracked 
|  20|0x0000000081400000, 0x0000000081500000, 0x0000000081500000|100%| O|  |TAMS 0x0000000081500000, 0x0000000081400000| Complete 
|  21|0x0000000081500000, 0x0000000081600000, 0x0000000081600000|100%| O|  |TAMS 0x0000000081600000, 0x0000000081500000| Complete 
|  22|0x0000000081600000, 0x0000000081700000, 0x0000000081700000|100%| O|  |TAMS 0x0000000081700000, 0x0000000081600000| Complete 
|  23|0x0000000081700000, 0x0000000081800000, 0x0000000081800000|100%| O|  |TAMS 0x0000000081800000, 0x0000000081700000| Untracked 
|  24|0x0000000081800000, 0x0000000081900000, 0x0000000081900000|100%| O|  |TAMS 0x0000000081900000, 0x0000000081800000| Complete 
|  25|0x0000000081900000, 0x0000000081a00000, 0x0000000081a00000|100%| O|  |TAMS 0x0000000081a00000, 0x0000000081900000| Complete 
|  26|0x0000000081a00000, 0x0000000081b00000, 0x0000000081b00000|100%|HS|  |TAMS 0x0000000081b00000, 0x0000000081a00000| Complete 
|  27|0x0000000081b00000, 0x0000000081c00000, 0x0000000081c00000|100%|HS|  |TAMS 0x0000000081c00000, 0x0000000081b00000| Complete 
|  28|0x0000000081c00000, 0x0000000081d00000, 0x0000000081d00000|100%|HC|  |TAMS 0x0000000081d00000, 0x0000000081c00000| Complete 
|  29|0x0000000081d00000, 0x0000000081e00000, 0x0000000081e00000|100%| O|  |TAMS 0x0000000081e00000, 0x0000000081d00000| Complete 
|  30|0x0000000081e00000, 0x0000000081f00000, 0x0000000081f00000|100%| O|  |TAMS 0x0000000081f00000, 0x0000000081e00000| Complete 
|  31|0x0000000081f00000, 0x0000000082000000, 0x0000000082000000|100%| O|  |TAMS 0x0000000082000000, 0x0000000081f00000| Untracked 
|  32|0x0000000082000000, 0x0000000082100000, 0x0000000082100000|100%| O|  |TAMS 0x0000000082100000, 0x0000000082000000| Complete 
|  33|0x0000000082100000, 0x0000000082200000, 0x0000000082200000|100%| O|  |TAMS 0x0000000082200000, 0x0000000082100000| Complete 
|  34|0x0000000082200000, 0x0000000082300000, 0x0000000082300000|100%| O|  |TAMS 0x0000000082300000, 0x0000000082200000| Complete 
|  35|0x0000000082300000, 0x0000000082400000, 0x0000000082400000|100%| O|  |TAMS 0x0000000082400000, 0x0000000082300000| Complete 
|  36|0x0000000082400000, 0x0000000082500000, 0x0000000082500000|100%| O|  |TAMS 0x0000000082500000, 0x0000000082400000| Complete 
|  37|0x0000000082500000, 0x0000000082600000, 0x0000000082600000|100%| O|  |TAMS 0x0000000082600000, 0x0000000082500000| Untracked 
|  38|0x0000000082600000, 0x0000000082700000, 0x0000000082700000|100%| O|  |TAMS 0x0000000082700000, 0x0000000082600000| Untracked 
|  39|0x0000000082700000, 0x0000000082800000, 0x0000000082800000|100%| O|  |TAMS 0x0000000082800000, 0x0000000082700000| Untracked 
|  40|0x0000000082800000, 0x0000000082900000, 0x0000000082900000|100%| O|  |TAMS 0x0000000082900000, 0x0000000082800000| Complete 
|  41|0x0000000082900000, 0x0000000082a00000, 0x0000000082a00000|100%| O|  |TAMS 0x0000000082a00000, 0x0000000082900000| Complete 
|  42|0x0000000082a00000, 0x0000000082b00000, 0x0000000082b00000|100%| O|  |TAMS 0x0000000082b00000, 0x0000000082a00000| Complete 
|  43|0x0000000082b00000, 0x0000000082c00000, 0x0000000082c00000|100%| O|  |TAMS 0x0000000082c00000, 0x0000000082b00000| Complete 
|  44|0x0000000082c00000, 0x0000000082d00000, 0x0000000082d00000|100%|HS|  |TAMS 0x0000000082c00000, 0x0000000082c00000| Complete 
|  45|0x0000000082d00000, 0x0000000082e00000, 0x0000000082e00000|100%| O|  |TAMS 0x0000000082e00000, 0x0000000082d00000| Untracked 
|  46|0x0000000082e00000, 0x0000000082f00000, 0x0000000082f00000|100%| O|  |TAMS 0x0000000082f00000, 0x0000000082e00000| Untracked 
|  47|0x0000000082f00000, 0x0000000083000000, 0x0000000083000000|100%| O|  |TAMS 0x0000000083000000, 0x0000000082f00000| Complete 
|  48|0x0000000083000000, 0x0000000083100000, 0x0000000083100000|100%| O|  |TAMS 0x0000000083100000, 0x0000000083000000| Untracked 
|  49|0x0000000083100000, 0x0000000083200000, 0x0000000083200000|100%| O|  |TAMS 0x0000000083200000, 0x0000000083100000| Untracked 
|  50|0x0000000083200000, 0x0000000083300000, 0x0000000083300000|100%| O|  |TAMS 0x0000000083300000, 0x0000000083200000| Untracked 
|  51|0x0000000083300000, 0x0000000083400000, 0x0000000083400000|100%| O|  |TAMS 0x0000000083400000, 0x0000000083300000| Untracked 
|  52|0x0000000083400000, 0x0000000083500000, 0x0000000083500000|100%| O|  |TAMS 0x0000000083500000, 0x0000000083400000| Untracked 
|  53|0x0000000083500000, 0x0000000083600000, 0x0000000083600000|100%| O|  |TAMS 0x0000000083600000, 0x0000000083500000| Untracked 
|  54|0x0000000083600000, 0x0000000083700000, 0x0000000083700000|100%| O|  |TAMS 0x0000000083700000, 0x0000000083600000| Complete 
|  55|0x0000000083700000, 0x0000000083800000, 0x0000000083800000|100%| O|  |TAMS 0x0000000083800000, 0x0000000083700000| Complete 
|  56|0x0000000083800000, 0x0000000083900000, 0x0000000083900000|100%| O|  |TAMS 0x0000000083900000, 0x0000000083800000| Untracked 
|  57|0x0000000083900000, 0x0000000083a00000, 0x0000000083a00000|100%| O|  |TAMS 0x0000000083a00000, 0x0000000083900000| Untracked 
|  58|0x0000000083a00000, 0x0000000083b00000, 0x0000000083b00000|100%| O|  |TAMS 0x0000000083b00000, 0x0000000083a00000| Untracked 
|  59|0x0000000083b00000, 0x0000000083c00000, 0x0000000083c00000|100%| O|  |TAMS 0x0000000083c00000, 0x0000000083b00000| Complete 
|  60|0x0000000083c00000, 0x0000000083d00000, 0x0000000083d00000|100%| O|  |TAMS 0x0000000083d00000, 0x0000000083c00000| Untracked 
|  61|0x0000000083d00000, 0x0000000083e00000, 0x0000000083e00000|100%| O|  |TAMS 0x0000000083e00000, 0x0000000083d00000| Complete 
|  62|0x0000000083e00000, 0x0000000083f00000, 0x0000000083f00000|100%| O|  |TAMS 0x0000000083f00000, 0x0000000083e00000| Complete 
|  63|0x0000000083f00000, 0x0000000084000000, 0x0000000084000000|100%| O|  |TAMS 0x0000000084000000, 0x0000000083f00000| Complete 
|  64|0x0000000084000000, 0x0000000084100000, 0x0000000084100000|100%| O|  |TAMS 0x0000000084100000, 0x0000000084000000| Complete 
|  65|0x0000000084100000, 0x0000000084200000, 0x0000000084200000|100%| O|  |TAMS 0x0000000084200000, 0x0000000084100000| Untracked 
|  66|0x0000000084200000, 0x0000000084300000, 0x0000000084300000|100%| O|  |TAMS 0x0000000084300000, 0x0000000084200000| Complete 
|  67|0x0000000084300000, 0x0000000084400000, 0x0000000084400000|100%| O|  |TAMS 0x0000000084400000, 0x0000000084300000| Untracked 
|  68|0x0000000084400000, 0x0000000084500000, 0x0000000084500000|100%| O|  |TAMS 0x0000000084500000, 0x0000000084400000| Untracked 
|  69|0x0000000084500000, 0x0000000084600000, 0x0000000084600000|100%| O|  |TAMS 0x0000000084600000, 0x0000000084500000| Untracked 
|  70|0x0000000084600000, 0x0000000084700000, 0x0000000084700000|100%|HS|  |TAMS 0x0000000084700000, 0x0000000084600000| Complete 
|  71|0x0000000084700000, 0x0000000084800000, 0x0000000084800000|100%|HC|  |TAMS 0x0000000084800000, 0x0000000084700000| Complete 
|  72|0x0000000084800000, 0x0000000084900000, 0x0000000084900000|100%|HC|  |TAMS 0x0000000084900000, 0x0000000084800000| Complete 
|  73|0x0000000084900000, 0x0000000084a00000, 0x0000000084a00000|100%| O|  |TAMS 0x0000000084a00000, 0x0000000084900000| Untracked 
|  74|0x0000000084a00000, 0x0000000084b00000, 0x0000000084b00000|100%| O|  |TAMS 0x0000000084b00000, 0x0000000084a00000| Complete 
|  75|0x0000000084b00000, 0x0000000084b00000, 0x0000000084c00000|  0%| F|  |TAMS 0x0000000084b00000, 0x0000000084b00000| Untracked 
|  76|0x0000000084c00000, 0x0000000084d00000, 0x0000000084d00000|100%| O|  |TAMS 0x0000000084d00000, 0x0000000084c00000| Complete 
|  77|0x0000000084d00000, 0x0000000084e00000, 0x0000000084e00000|100%| O|  |TAMS 0x0000000084e00000, 0x0000000084d00000| Untracked 
|  78|0x0000000084e00000, 0x0000000084f00000, 0x0000000084f00000|100%| O|  |TAMS 0x0000000084f00000, 0x0000000084e00000| Complete 
|  79|0x0000000084f00000, 0x0000000085000000, 0x0000000085000000|100%| O|  |TAMS 0x0000000085000000, 0x0000000084f00000| Complete 
|  80|0x0000000085000000, 0x0000000085100000, 0x0000000085100000|100%| O|  |TAMS 0x0000000085100000, 0x0000000085000000| Untracked 
|  81|0x0000000085100000, 0x0000000085200000, 0x0000000085200000|100%| O|  |TAMS 0x0000000085200000, 0x0000000085100000| Complete 
|  82|0x0000000085200000, 0x0000000085300000, 0x0000000085300000|100%| O|  |TAMS 0x0000000085300000, 0x0000000085200000| Untracked 
|  83|0x0000000085300000, 0x0000000085400000, 0x0000000085400000|100%| O|  |TAMS 0x0000000085400000, 0x0000000085300000| Untracked 
|  84|0x0000000085400000, 0x0000000085500000, 0x0000000085500000|100%|HS|  |TAMS 0x0000000085500000, 0x0000000085400000| Complete 
|  85|0x0000000085500000, 0x0000000085600000, 0x0000000085600000|100%|HC|  |TAMS 0x0000000085600000, 0x0000000085500000| Complete 
|  86|0x0000000085600000, 0x0000000085700000, 0x0000000085700000|100%| O|  |TAMS 0x0000000085700000, 0x0000000085600000| Complete 
|  87|0x0000000085700000, 0x0000000085800000, 0x0000000085800000|100%|HS|  |TAMS 0x0000000085800000, 0x0000000085700000| Complete 
|  88|0x0000000085800000, 0x0000000085900000, 0x0000000085900000|100%|HC|  |TAMS 0x0000000085900000, 0x0000000085800000| Complete 
|  89|0x0000000085900000, 0x0000000085a00000, 0x0000000085a00000|100%|HC|  |TAMS 0x0000000085a00000, 0x0000000085900000| Complete 
|  90|0x0000000085a00000, 0x0000000085b00000, 0x0000000085b00000|100%| O|  |TAMS 0x0000000085b00000, 0x0000000085a00000| Untracked 
|  91|0x0000000085b00000, 0x0000000085c00000, 0x0000000085c00000|100%| O|  |TAMS 0x0000000085c00000, 0x0000000085b00000| Complete 
|  92|0x0000000085c00000, 0x0000000085d00000, 0x0000000085d00000|100%| O|  |TAMS 0x0000000085d00000, 0x0000000085c00000| Complete 
|  93|0x0000000085d00000, 0x0000000085d63600, 0x0000000085e00000| 38%| O|  |TAMS 0x0000000085d63600, 0x0000000085d00000| Untracked 
|  94|0x0000000085e00000, 0x0000000085f00000, 0x0000000085f00000|100%| O|  |TAMS 0x0000000085f00000, 0x0000000085e00000| Untracked 
|  95|0x0000000085f00000, 0x0000000086000000, 0x0000000086000000|100%| O|  |TAMS 0x0000000086000000, 0x0000000085f00000| Complete 
|  96|0x0000000086000000, 0x0000000086000000, 0x0000000086100000|  0%| F|  |TAMS 0x0000000086000000, 0x0000000086000000| Untracked 
|  97|0x0000000086100000, 0x0000000086200000, 0x0000000086200000|100%| O|  |TAMS 0x0000000086200000, 0x0000000086100000| Untracked 
|  98|0x0000000086200000, 0x0000000086200000, 0x0000000086300000|  0%| F|  |TAMS 0x0000000086200000, 0x0000000086200000| Untracked 
|  99|0x0000000086300000, 0x0000000086400000, 0x0000000086400000|100%| O|  |TAMS 0x0000000086400000, 0x0000000086300000| Complete 
| 100|0x0000000086400000, 0x0000000086500000, 0x0000000086500000|100%| O|  |TAMS 0x0000000086500000, 0x0000000086400000| Untracked 
| 101|0x0000000086500000, 0x0000000086600000, 0x0000000086600000|100%| O|  |TAMS 0x0000000086600000, 0x0000000086500000| Untracked 
| 102|0x0000000086600000, 0x0000000086700000, 0x0000000086700000|100%| O|  |TAMS 0x0000000086700000, 0x0000000086600000| Complete 
| 103|0x0000000086700000, 0x0000000086700000, 0x0000000086800000|  0%| F|  |TAMS 0x0000000086700000, 0x0000000086700000| Untracked 
| 104|0x0000000086800000, 0x0000000086900000, 0x0000000086900000|100%| O|  |TAMS 0x0000000086900000, 0x0000000086800000| Complete 
| 105|0x0000000086900000, 0x0000000086900000, 0x0000000086a00000|  0%| F|  |TAMS 0x0000000086900000, 0x0000000086900000| Untracked 
| 106|0x0000000086a00000, 0x0000000086b00000, 0x0000000086b00000|100%|HS|  |TAMS 0x0000000086b00000, 0x0000000086a00000| Complete 
| 107|0x0000000086b00000, 0x0000000086c00000, 0x0000000086c00000|100%|HC|  |TAMS 0x0000000086c00000, 0x0000000086b00000| Complete 
| 108|0x0000000086c00000, 0x0000000086d00000, 0x0000000086d00000|100%|HC|  |TAMS 0x0000000086d00000, 0x0000000086c00000| Complete 
| 109|0x0000000086d00000, 0x0000000086e00000, 0x0000000086e00000|100%|HC|  |TAMS 0x0000000086e00000, 0x0000000086d00000| Complete 
| 110|0x0000000086e00000, 0x0000000086f00000, 0x0000000086f00000|100%|HC|  |TAMS 0x0000000086f00000, 0x0000000086e00000| Complete 
| 111|0x0000000086f00000, 0x0000000087000000, 0x0000000087000000|100%|HS|  |TAMS 0x0000000087000000, 0x0000000086f00000| Complete 
| 112|0x0000000087000000, 0x0000000087100000, 0x0000000087100000|100%|HC|  |TAMS 0x0000000087100000, 0x0000000087000000| Complete 
| 113|0x0000000087100000, 0x0000000087200000, 0x0000000087200000|100%|HC|  |TAMS 0x0000000087200000, 0x0000000087100000| Complete 
| 114|0x0000000087200000, 0x0000000087300000, 0x0000000087300000|100%|HC|  |TAMS 0x0000000087300000, 0x0000000087200000| Complete 
| 115|0x0000000087300000, 0x0000000087400000, 0x0000000087400000|100%|HC|  |TAMS 0x0000000087400000, 0x0000000087300000| Complete 
| 116|0x0000000087400000, 0x0000000087400000, 0x0000000087500000|  0%| F|  |TAMS 0x0000000087400000, 0x0000000087400000| Untracked 
| 117|0x0000000087500000, 0x0000000087500000, 0x0000000087600000|  0%| F|  |TAMS 0x0000000087500000, 0x0000000087500000| Untracked 
| 118|0x0000000087600000, 0x0000000087600000, 0x0000000087700000|  0%| F|  |TAMS 0x0000000087600000, 0x0000000087600000| Untracked 
| 119|0x0000000087700000, 0x0000000087700000, 0x0000000087800000|  0%| F|  |TAMS 0x0000000087700000, 0x0000000087700000| Untracked 
| 120|0x0000000087800000, 0x0000000087800000, 0x0000000087900000|  0%| F|  |TAMS 0x0000000087800000, 0x0000000087800000| Untracked 
| 121|0x0000000087900000, 0x0000000087900000, 0x0000000087a00000|  0%| F|  |TAMS 0x0000000087900000, 0x0000000087900000| Untracked 
| 122|0x0000000087a00000, 0x0000000087a00000, 0x0000000087b00000|  0%| F|  |TAMS 0x0000000087a00000, 0x0000000087a00000| Untracked 
| 123|0x0000000087b00000, 0x0000000087b00000, 0x0000000087c00000|  0%| F|  |TAMS 0x0000000087b00000, 0x0000000087b00000| Untracked 
| 124|0x0000000087c00000, 0x0000000087c00000, 0x0000000087d00000|  0%| F|  |TAMS 0x0000000087c00000, 0x0000000087c00000| Untracked 
| 125|0x0000000087d00000, 0x0000000087d00000, 0x0000000087e00000|  0%| F|  |TAMS 0x0000000087d00000, 0x0000000087d00000| Untracked 
| 126|0x0000000087e00000, 0x0000000087e00000, 0x0000000087f00000|  0%| F|  |TAMS 0x0000000087e00000, 0x0000000087e00000| Untracked 
| 127|0x0000000087f00000, 0x0000000087f00000, 0x0000000088000000|  0%| F|  |TAMS 0x0000000087f00000, 0x0000000087f00000| Untracked 
| 128|0x0000000088000000, 0x0000000088000000, 0x0000000088100000|  0%| F|  |TAMS 0x0000000088000000, 0x0000000088000000| Untracked 
| 129|0x0000000088100000, 0x0000000088100000, 0x0000000088200000|  0%| F|  |TAMS 0x0000000088100000, 0x0000000088100000| Untracked 
| 130|0x0000000088200000, 0x0000000088200000, 0x0000000088300000|  0%| F|  |TAMS 0x0000000088200000, 0x0000000088200000| Untracked 
| 131|0x0000000088300000, 0x0000000088300000, 0x0000000088400000|  0%| F|  |TAMS 0x0000000088300000, 0x0000000088300000| Untracked 
| 132|0x0000000088400000, 0x0000000088400000, 0x0000000088500000|  0%| F|  |TAMS 0x0000000088400000, 0x0000000088400000| Untracked 
| 133|0x0000000088500000, 0x0000000088500000, 0x0000000088600000|  0%| F|  |TAMS 0x0000000088500000, 0x0000000088500000| Untracked 
| 134|0x0000000088600000, 0x0000000088600000, 0x0000000088700000|  0%| F|  |TAMS 0x0000000088600000, 0x0000000088600000| Untracked 
| 135|0x0000000088700000, 0x0000000088700000, 0x0000000088800000|  0%| F|  |TAMS 0x0000000088700000, 0x0000000088700000| Untracked 
| 136|0x0000000088800000, 0x0000000088800000, 0x0000000088900000|  0%| F|  |TAMS 0x0000000088800000, 0x0000000088800000| Untracked 
| 137|0x0000000088900000, 0x0000000088900000, 0x0000000088a00000|  0%| F|  |TAMS 0x0000000088900000, 0x0000000088900000| Untracked 
| 138|0x0000000088a00000, 0x0000000088a00000, 0x0000000088b00000|  0%| F|  |TAMS 0x0000000088a00000, 0x0000000088a00000| Untracked 
| 139|0x0000000088b00000, 0x0000000088b00000, 0x0000000088c00000|  0%| F|  |TAMS 0x0000000088b00000, 0x0000000088b00000| Untracked 
| 140|0x0000000088c00000, 0x0000000088c00000, 0x0000000088d00000|  0%| F|  |TAMS 0x0000000088c00000, 0x0000000088c00000| Untracked 
| 141|0x0000000088d00000, 0x0000000088d00000, 0x0000000088e00000|  0%| F|  |TAMS 0x0000000088d00000, 0x0000000088d00000| Untracked 
| 142|0x0000000088e00000, 0x0000000088e00000, 0x0000000088f00000|  0%| F|  |TAMS 0x0000000088e00000, 0x0000000088e00000| Untracked 
| 143|0x0000000088f00000, 0x0000000088f00000, 0x0000000089000000|  0%| F|  |TAMS 0x0000000088f00000, 0x0000000088f00000| Untracked 
| 144|0x0000000089000000, 0x0000000089000000, 0x0000000089100000|  0%| F|  |TAMS 0x0000000089000000, 0x0000000089000000| Untracked 
| 145|0x0000000089100000, 0x0000000089100000, 0x0000000089200000|  0%| F|  |TAMS 0x0000000089100000, 0x0000000089100000| Untracked 
| 146|0x0000000089200000, 0x0000000089200000, 0x0000000089300000|  0%| F|  |TAMS 0x0000000089200000, 0x0000000089200000| Untracked 
| 147|0x0000000089300000, 0x0000000089300000, 0x0000000089400000|  0%| F|  |TAMS 0x0000000089300000, 0x0000000089300000| Untracked 
| 148|0x0000000089400000, 0x0000000089400000, 0x0000000089500000|  0%| F|  |TAMS 0x0000000089400000, 0x0000000089400000| Untracked 
| 149|0x0000000089500000, 0x0000000089500000, 0x0000000089600000|  0%| F|  |TAMS 0x0000000089500000, 0x0000000089500000| Untracked 
| 150|0x0000000089600000, 0x0000000089600000, 0x0000000089700000|  0%| F|  |TAMS 0x0000000089600000, 0x0000000089600000| Untracked 
| 151|0x0000000089700000, 0x0000000089700000, 0x0000000089800000|  0%| F|  |TAMS 0x0000000089700000, 0x0000000089700000| Untracked 
| 152|0x0000000089800000, 0x0000000089800000, 0x0000000089900000|  0%| F|  |TAMS 0x0000000089800000, 0x0000000089800000| Untracked 
| 153|0x0000000089900000, 0x0000000089900000, 0x0000000089a00000|  0%| F|  |TAMS 0x0000000089900000, 0x0000000089900000| Untracked 
| 154|0x0000000089a00000, 0x0000000089a00000, 0x0000000089b00000|  0%| F|  |TAMS 0x0000000089a00000, 0x0000000089a00000| Untracked 
| 155|0x0000000089b00000, 0x0000000089b00000, 0x0000000089c00000|  0%| F|  |TAMS 0x0000000089b00000, 0x0000000089b00000| Untracked 
| 156|0x0000000089c00000, 0x0000000089c00000, 0x0000000089d00000|  0%| F|  |TAMS 0x0000000089c00000, 0x0000000089c00000| Untracked 
| 157|0x0000000089d00000, 0x0000000089d00000, 0x0000000089e00000|  0%| F|  |TAMS 0x0000000089d00000, 0x0000000089d00000| Untracked 
| 158|0x0000000089e00000, 0x0000000089e00000, 0x0000000089f00000|  0%| F|  |TAMS 0x0000000089e00000, 0x0000000089e00000| Untracked 
| 159|0x0000000089f00000, 0x0000000089f00000, 0x000000008a000000|  0%| F|  |TAMS 0x0000000089f00000, 0x0000000089f00000| Untracked 
| 160|0x000000008a000000, 0x000000008a000000, 0x000000008a100000|  0%| F|  |TAMS 0x000000008a000000, 0x000000008a000000| Untracked 
| 161|0x000000008a100000, 0x000000008a100000, 0x000000008a200000|  0%| F|  |TAMS 0x000000008a100000, 0x000000008a100000| Untracked 
| 162|0x000000008a200000, 0x000000008a200000, 0x000000008a300000|  0%| F|  |TAMS 0x000000008a200000, 0x000000008a200000| Untracked 
| 163|0x000000008a300000, 0x000000008a300000, 0x000000008a400000|  0%| F|  |TAMS 0x000000008a300000, 0x000000008a300000| Untracked 
| 164|0x000000008a400000, 0x000000008a400000, 0x000000008a500000|  0%| F|  |TAMS 0x000000008a400000, 0x000000008a400000| Untracked 
| 165|0x000000008a500000, 0x000000008a500000, 0x000000008a600000|  0%| F|  |TAMS 0x000000008a500000, 0x000000008a500000| Untracked 
| 166|0x000000008a600000, 0x000000008a600000, 0x000000008a700000|  0%| F|  |TAMS 0x000000008a600000, 0x000000008a600000| Untracked 
| 167|0x000000008a700000, 0x000000008a700000, 0x000000008a800000|  0%| F|  |TAMS 0x000000008a700000, 0x000000008a700000| Untracked 
| 168|0x000000008a800000, 0x000000008a800000, 0x000000008a900000|  0%| F|  |TAMS 0x000000008a800000, 0x000000008a800000| Untracked 
| 169|0x000000008a900000, 0x000000008a900000, 0x000000008aa00000|  0%| F|  |TAMS 0x000000008a900000, 0x000000008a900000| Untracked 
| 170|0x000000008aa00000, 0x000000008aaf04a8, 0x000000008ab00000| 93%| S|CS|TAMS 0x000000008aa00000, 0x000000008aa00000| Complete 
| 171|0x000000008ab00000, 0x000000008ac00000, 0x000000008ac00000|100%| S|CS|TAMS 0x000000008ab00000, 0x000000008ab00000| Complete 
| 172|0x000000008ac00000, 0x000000008ad00000, 0x000000008ad00000|100%| S|CS|TAMS 0x000000008ac00000, 0x000000008ac00000| Complete 
| 173|0x000000008ad00000, 0x000000008ad00000, 0x000000008ae00000|  0%| F|  |TAMS 0x000000008ad00000, 0x000000008ad00000| Untracked 
| 174|0x000000008ae00000, 0x000000008ae00000, 0x000000008af00000|  0%| F|  |TAMS 0x000000008ae00000, 0x000000008ae00000| Untracked 
| 175|0x000000008af00000, 0x000000008af00000, 0x000000008b000000|  0%| F|  |TAMS 0x000000008af00000, 0x000000008af00000| Untracked 
| 176|0x000000008b000000, 0x000000008b000000, 0x000000008b100000|  0%| F|  |TAMS 0x000000008b000000, 0x000000008b000000| Untracked 
| 177|0x000000008b100000, 0x000000008b100000, 0x000000008b200000|  0%| F|  |TAMS 0x000000008b100000, 0x000000008b100000| Untracked 
| 178|0x000000008b200000, 0x000000008b200000, 0x000000008b300000|  0%| F|  |TAMS 0x000000008b200000, 0x000000008b200000| Untracked 
| 179|0x000000008b300000, 0x000000008b380800, 0x000000008b400000| 50%| E|  |TAMS 0x000000008b300000, 0x000000008b300000| Complete 
| 180|0x000000008b400000, 0x000000008b500000, 0x000000008b500000|100%| E|CS|TAMS 0x000000008b400000, 0x000000008b400000| Complete 
| 181|0x000000008b500000, 0x000000008b600000, 0x000000008b600000|100%| E|CS|TAMS 0x000000008b500000, 0x000000008b500000| Complete 
| 182|0x000000008b600000, 0x000000008b700000, 0x000000008b700000|100%| E|CS|TAMS 0x000000008b600000, 0x000000008b600000| Complete 
| 183|0x000000008b700000, 0x000000008b800000, 0x000000008b800000|100%| E|CS|TAMS 0x000000008b700000, 0x000000008b700000| Complete 
| 184|0x000000008b800000, 0x000000008b900000, 0x000000008b900000|100%| E|CS|TAMS 0x000000008b800000, 0x000000008b800000| Complete 
| 185|0x000000008b900000, 0x000000008ba00000, 0x000000008ba00000|100%| E|CS|TAMS 0x000000008b900000, 0x000000008b900000| Complete 
| 186|0x000000008ba00000, 0x000000008bb00000, 0x000000008bb00000|100%| E|CS|TAMS 0x000000008ba00000, 0x000000008ba00000| Complete 
| 187|0x000000008bb00000, 0x000000008bc00000, 0x000000008bc00000|100%| E|CS|TAMS 0x000000008bb00000, 0x000000008bb00000| Complete 
| 188|0x000000008bc00000, 0x000000008bd00000, 0x000000008bd00000|100%| E|CS|TAMS 0x000000008bc00000, 0x000000008bc00000| Complete 
| 189|0x000000008bd00000, 0x000000008be00000, 0x000000008be00000|100%| E|CS|TAMS 0x000000008bd00000, 0x000000008bd00000| Complete 
| 190|0x000000008be00000, 0x000000008bf00000, 0x000000008bf00000|100%| E|CS|TAMS 0x000000008be00000, 0x000000008be00000| Complete 
| 191|0x000000008bf00000, 0x000000008c000000, 0x000000008c000000|100%| E|CS|TAMS 0x000000008bf00000, 0x000000008bf00000| Complete 
| 192|0x000000008c000000, 0x000000008c100000, 0x000000008c100000|100%| E|CS|TAMS 0x000000008c000000, 0x000000008c000000| Complete 
| 193|0x000000008c100000, 0x000000008c200000, 0x000000008c200000|100%| E|CS|TAMS 0x000000008c100000, 0x000000008c100000| Complete 
| 194|0x000000008c200000, 0x000000008c300000, 0x000000008c300000|100%| E|CS|TAMS 0x000000008c200000, 0x000000008c200000| Complete 

Card table byte_map: [0x000001e54e1a0000,0x000001e54e5a0000] _byte_map_base: 0x000001e54dda0000

Marking Bits (Prev, Next): (CMBitMap*) 0x000001e5390b3ff8, (CMBitMap*) 0x000001e5390b4030
 Prev Bits: [0x000001e54e9a0000, 0x000001e5509a0000)
 Next Bits: [0x000001e5509a0000, 0x000001e5529a0000)

Polling page: 0x000001e538ef0000

Metaspace:

Usage:
  Non-class:    112.34 MB capacity,   109.83 MB ( 98%) used,     2.05 MB (  2%) free+waste,   470.63 KB ( <1%) overhead. 
      Class:     17.25 MB capacity,    15.83 MB ( 92%) used,     1.22 MB (  7%) free+waste,   206.94 KB (  1%) overhead. 
       Both:    129.59 MB capacity,   125.66 MB ( 97%) used,     3.28 MB (  3%) free+waste,   677.56 KB ( <1%) overhead. 

Virtual space:
  Non-class space:      114.00 MB reserved,     112.50 MB ( 99%) committed 
      Class space:        1.00 GB reserved,      17.32 MB (  2%) committed 
             Both:        1.11 GB reserved,     129.82 MB ( 11%) committed 

Chunk freelists:
   Non-Class:  34.00 KB
       Class:  30.00 KB
        Both:  64.00 KB

MaxMetaspaceSize: 17179869184.00 GB
CompressedClassSpaceSize: 1.00 GB

CodeHeap 'non-profiled nmethods': size=120000Kb used=15509Kb max_used=15509Kb free=104490Kb
 bounds [0x000001e545e10000, 0x000001e546d40000, 0x000001e54d340000]
CodeHeap 'profiled nmethods': size=120000Kb used=49432Kb max_used=49432Kb free=70567Kb
 bounds [0x000001e53e8e0000, 0x000001e541950000, 0x000001e545e10000]
CodeHeap 'non-nmethods': size=5760Kb used=2356Kb max_used=2428Kb free=3403Kb
 bounds [0x000001e53e340000, 0x000001e53e5b0000, 0x000001e53e8e0000]
 total_blobs=23584 nmethods=22608 adapters=884
 compilation: enabled
              stopped_count=0, restarted_count=0
 full_count=0

Compilation events (20 events):
Event: 3997.535 Thread 0x000001e5554a3800 24852       3       com.google.gson.internal.bind.TypeAdapters$32::create (20 bytes)
Event: 3997.536 Thread 0x000001e5554a3800 nmethod 24852 0x000001e54192b910 code [0x000001e54192bac0, 0x000001e54192bc58]
Event: 3997.564 Thread 0x000001e5554a3800 24854       1       com.android.build.api.component.impl.ComponentImpl::getNamespace (5 bytes)
Event: 3997.564 Thread 0x000001e5554a3800 nmethod 24854 0x000001e546d25c90 code [0x000001e546d25e40, 0x000001e546d25ef8]
Event: 3997.566 Thread 0x000001e5554a3800 24855       3       com.sun.org.apache.xerces.internal.utils.XMLSecurityPropertyManager::getValue (10 bytes)
Event: 3997.566 Thread 0x000001e5554a3800 nmethod 24855 0x000001e54192bd10 code [0x000001e54192bec0, 0x000001e54192c018]
Event: 3997.567 Thread 0x000001e5554a3800 24856       3       com.sun.org.apache.xerces.internal.parsers.AbstractSAXParser$AttributesProxy::getValue (35 bytes)
Event: 3997.568 Thread 0x000001e5554a3800 nmethod 24856 0x000001e54192c110 code [0x000001e54192c340, 0x000001e54192cac8]
Event: 3997.568 Thread 0x000001e5554a3800 24857       3       com.sun.org.apache.xerces.internal.util.XMLAttributesImpl::getValue (22 bytes)
Event: 3997.568 Thread 0x000001e5554a3800 nmethod 24857 0x000001e54192cd10 code [0x000001e54192cee0, 0x000001e54192d198]
Event: 3997.574 Thread 0x000001e5554a3800 24859       3       com.sun.proxy.$Proxy10::<init> (6 bytes)
Event: 3997.574 Thread 0x000001e5554a3800 nmethod 24859 0x000001e54192d290 code [0x000001e54192d460, 0x000001e54192d7e8]
Event: 3997.591 Thread 0x000001e5554a3800 24861       3       org.gradle.api.internal.artifacts.configurations.ResolveConfigurationResolutionBuildOperationDetails$RepositoryImpl$$Lambda$396/0x00000001005c1840::transform (8 bytes)
Event: 3997.592 Thread 0x000001e5554a3800 nmethod 24861 0x000001e54192d990 code [0x000001e54192db80, 0x000001e54192e028]
Event: 3997.592 Thread 0x000001e5554a3800 24862       3       org.gradle.api.internal.artifacts.configurations.ResolveConfigurationResolutionBuildOperationDetails$RepositoryImpl::lambda$transform$0 (14 bytes)
Event: 3997.592 Thread 0x000001e5554a3800 nmethod 24862 0x000001e54192e190 code [0x000001e54192e360, 0x000001e54192e688]
Event: 3997.592 Thread 0x000001e5554a3800 24863       3       org.gradle.api.internal.artifacts.configurations.ResolveConfigurationResolutionBuildOperationDetails$RepositoryImpl::<init> (10 bytes)
Event: 3997.592 Thread 0x000001e5554a3800 nmethod 24863 0x000001e54192e810 code [0x000001e54192e9c0, 0x000001e54192eb78]
Event: 3997.628 Thread 0x000001e5554a3800 24864       3       org.codehaus.groovy.reflection.ClassInfo::getVersion (8 bytes)
Event: 3997.629 Thread 0x000001e5554a3800 nmethod 24864 0x000001e54192ec10 code [0x000001e54192edc0, 0x000001e54192eed8]

GC Heap History (20 events):
Event: 3993.161 GC heap before
{Heap before GC invocations=164 (full 0):
 garbage-first heap   total 199680K, used 147022K [0x0000000080000000, 0x0000000100000000)
  region size 1024K, 43 young (44032K), 3 survivors (3072K)
 Metaspace       used 117908K, capacity 121518K, committed 121676K, reserved 1155072K
  class space    used 14980K, capacity 16341K, committed 16460K, reserved 1048576K
}
Event: 3993.197 GC heap after
{Heap after GC invocations=165 (full 0):
 garbage-first heap   total 199680K, used 111761K [0x0000000080000000, 0x0000000100000000)
  region size 1024K, 6 young (6144K), 6 survivors (6144K)
 Metaspace       used 117908K, capacity 121518K, committed 121676K, reserved 1155072K
  class space    used 14980K, capacity 16341K, committed 16460K, reserved 1048576K
}
Event: 3993.219 GC heap before
{Heap before GC invocations=165 (full 0):
 garbage-first heap   total 199680K, used 114833K [0x0000000080000000, 0x0000000100000000)
  region size 1024K, 9 young (9216K), 6 survivors (6144K)
 Metaspace       used 117920K, capacity 121518K, committed 121676K, reserved 1155072K
  class space    used 14980K, capacity 16341K, committed 16460K, reserved 1048576K
}
Event: 3993.269 GC heap after
{Heap after GC invocations=166 (full 0):
 garbage-first heap   total 199680K, used 103718K [0x0000000080000000, 0x0000000100000000)
  region size 1024K, 1 young (1024K), 1 survivors (1024K)
 Metaspace       used 117920K, capacity 121518K, committed 121676K, reserved 1155072K
  class space    used 14980K, capacity 16341K, committed 16460K, reserved 1048576K
}
Event: 3993.331 GC heap before
{Heap before GC invocations=166 (full 0):
 garbage-first heap   total 199680K, used 111910K [0x0000000080000000, 0x0000000100000000)
  region size 1024K, 9 young (9216K), 1 survivors (1024K)
 Metaspace       used 117954K, capacity 121518K, committed 121676K, reserved 1155072K
  class space    used 14980K, capacity 16341K, committed 16460K, reserved 1048576K
}
Event: 3993.344 GC heap after
{Heap after GC invocations=167 (full 0):
 garbage-first heap   total 199680K, used 104057K [0x0000000080000000, 0x0000000100000000)
  region size 1024K, 1 young (1024K), 1 survivors (1024K)
 Metaspace       used 117954K, capacity 121518K, committed 121676K, reserved 1155072K
  class space    used 14980K, capacity 16341K, committed 16460K, reserved 1048576K
}
Event: 3993.677 GC heap before
{Heap before GC invocations=167 (full 0):
 garbage-first heap   total 199680K, used 155257K [0x0000000080000000, 0x0000000100000000)
  region size 1024K, 51 young (52224K), 1 survivors (1024K)
 Metaspace       used 118013K, capacity 121582K, committed 121932K, reserved 1155072K
  class space    used 14980K, capacity 16341K, committed 16460K, reserved 1048576K
}
Event: 3993.684 GC heap after
{Heap after GC invocations=168 (full 0):
 garbage-first heap   total 199680K, used 105217K [0x0000000080000000, 0x0000000100000000)
  region size 1024K, 2 young (2048K), 2 survivors (2048K)
 Metaspace       used 118013K, capacity 121582K, committed 121932K, reserved 1155072K
  class space    used 14980K, capacity 16341K, committed 16460K, reserved 1048576K
}
Event: 3994.583 GC heap before
{Heap before GC invocations=169 (full 0):
 garbage-first heap   total 199680K, used 159489K [0x0000000080000000, 0x0000000100000000)
  region size 1024K, 53 young (54272K), 2 survivors (2048K)
 Metaspace       used 120385K, capacity 124081K, committed 124236K, reserved 1157120K
  class space    used 15253K, capacity 16636K, committed 16716K, reserved 1048576K
}
Event: 3994.601 GC heap after
{Heap after GC invocations=170 (full 0):
 garbage-first heap   total 199680K, used 110657K [0x0000000080000000, 0x0000000100000000)
  region size 1024K, 5 young (5120K), 5 survivors (5120K)
 Metaspace       used 120385K, capacity 124081K, committed 124236K, reserved 1157120K
  class space    used 15253K, capacity 16636K, committed 16716K, reserved 1048576K
}
Event: 3994.659 GC heap before
{Heap before GC invocations=170 (full 0):
 garbage-first heap   total 199680K, used 113729K [0x0000000080000000, 0x0000000100000000)
  region size 1024K, 9 young (9216K), 5 survivors (5120K)
 Metaspace       used 120604K, capacity 124292K, committed 124492K, reserved 1157120K
  class space    used 15265K, capacity 16640K, committed 16716K, reserved 1048576K
}
Event: 3994.702 GC heap after
{Heap after GC invocations=171 (full 0):
 garbage-first heap   total 199680K, used 105983K [0x0000000080000000, 0x0000000100000000)
  region size 1024K, 1 young (1024K), 1 survivors (1024K)
 Metaspace       used 120604K, capacity 124292K, committed 124492K, reserved 1157120K
  class space    used 15265K, capacity 16640K, committed 16716K, reserved 1048576K
}
Event: 3995.820 GC heap before
{Heap before GC invocations=171 (full 0):
 garbage-first heap   total 199680K, used 158207K [0x0000000080000000, 0x0000000100000000)
  region size 1024K, 53 young (54272K), 1 survivors (1024K)
 Metaspace       used 122055K, capacity 125936K, committed 126028K, reserved 1159168K
  class space    used 15468K, capacity 16887K, committed 16972K, reserved 1048576K
}
Event: 3995.838 GC heap after
{Heap after GC invocations=172 (full 0):
 garbage-first heap   total 199680K, used 110142K [0x0000000080000000, 0x0000000100000000)
  region size 1024K, 5 young (5120K), 5 survivors (5120K)
 Metaspace       used 122055K, capacity 125936K, committed 126028K, reserved 1159168K
  class space    used 15468K, capacity 16887K, committed 16972K, reserved 1048576K
}
Event: 3996.908 GC heap before
{Heap before GC invocations=173 (full 0):
 garbage-first heap   total 199680K, used 161342K [0x0000000080000000, 0x0000000100000000)
  region size 1024K, 55 young (56320K), 5 survivors (5120K)
 Metaspace       used 125059K, capacity 129082K, committed 129356K, reserved 1161216K
  class space    used 15885K, capacity 17357K, committed 17484K, reserved 1048576K
}
Event: 3996.919 GC heap after
{Heap after GC invocations=174 (full 0):
 garbage-first heap   total 199680K, used 113073K [0x0000000080000000, 0x0000000100000000)
  region size 1024K, 3 young (3072K), 3 survivors (3072K)
 Metaspace       used 125059K, capacity 129082K, committed 129356K, reserved 1161216K
  class space    used 15885K, capacity 17357K, committed 17484K, reserved 1048576K
}
Event: 3996.990 GC heap before
{Heap before GC invocations=174 (full 0):
 garbage-first heap   total 199680K, used 119217K [0x0000000080000000, 0x0000000100000000)
  region size 1024K, 9 young (9216K), 3 survivors (3072K)
 Metaspace       used 125263K, capacity 129322K, committed 129612K, reserved 1161216K
  class space    used 15906K, capacity 17393K, committed 17484K, reserved 1048576K
}
Event: 3996.999 GC heap after
{Heap after GC invocations=175 (full 0):
 garbage-first heap   total 199680K, used 112921K [0x0000000080000000, 0x0000000100000000)
  region size 1024K, 1 young (1024K), 1 survivors (1024K)
 Metaspace       used 125263K, capacity 129322K, committed 129612K, reserved 1161216K
  class space    used 15906K, capacity 17393K, committed 17484K, reserved 1048576K
}
Event: 3997.287 GC heap before
{Heap before GC invocations=175 (full 0):
 garbage-first heap   total 199680K, used 133401K [0x0000000080000000, 0x0000000100000000)
  region size 1024K, 22 young (22528K), 1 survivors (1024K)
 Metaspace       used 126427K, capacity 130493K, committed 130764K, reserved 1163264K
  class space    used 16043K, capacity 17506K, committed 17612K, reserved 1048576K
}
Event: 3997.299 GC heap after
{Heap after GC invocations=176 (full 0):
 garbage-first heap   total 199680K, used 115022K [0x0000000080000000, 0x0000000100000000)
  region size 1024K, 3 young (3072K), 3 survivors (3072K)
 Metaspace       used 126427K, capacity 130493K, committed 130764K, reserved 1163264K
  class space    used 16043K, capacity 17506K, committed 17612K, reserved 1048576K
}

Deoptimization events (20 events):
Event: 3997.056 Thread 0x000001e558095800 DEOPT PACKING pc=0x000001e545f7934c sp=0x0000005381ffae30
Event: 3997.056 Thread 0x000001e558095800 DEOPT UNPACKING pc=0x000001e53e3678af sp=0x0000005381ffadd0 mode 2
Event: 3997.063 Thread 0x000001e558095800 Uncommon trap: trap_request=0xffffffde fr.pc=0x000001e545e4c7e4 relative=0x0000000000000c44
Event: 3997.064 Thread 0x000001e558095800 Uncommon trap: reason=class_check action=maybe_recompile pc=0x000001e545e4c7e4 method=org.codehaus.groovy.reflection.ParameterTypes.getParametersTypes0()V @ 16 c2
Event: 3997.064 Thread 0x000001e558095800 DEOPT PACKING pc=0x000001e545e4c7e4 sp=0x0000005381ff9ad0
Event: 3997.064 Thread 0x000001e558095800 DEOPT UNPACKING pc=0x000001e53e3678af sp=0x0000005381ff9a58 mode 2
Event: 3997.064 Thread 0x000001e558095800 Uncommon trap: trap_request=0xffffffde fr.pc=0x000001e545e4c7e4 relative=0x0000000000000c44
Event: 3997.064 Thread 0x000001e558095800 Uncommon trap: reason=class_check action=maybe_recompile pc=0x000001e545e4c7e4 method=org.codehaus.groovy.reflection.ParameterTypes.getParametersTypes0()V @ 16 c2
Event: 3997.064 Thread 0x000001e558095800 DEOPT PACKING pc=0x000001e545e4c7e4 sp=0x0000005381ff9ad0
Event: 3997.064 Thread 0x000001e558095800 DEOPT UNPACKING pc=0x000001e53e3678af sp=0x0000005381ff9a58 mode 2
Event: 3997.396 Thread 0x000001e558095800 Uncommon trap: trap_request=0xffffffde fr.pc=0x000001e545fa1a54 relative=0x0000000000000514
Event: 3997.396 Thread 0x000001e558095800 Uncommon trap: reason=class_check action=maybe_recompile pc=0x000001e545fa1a54 method=java.lang.Throwable.<init>(Ljava/lang/String;Ljava/lang/Throwable;)V @ 24 c2
Event: 3997.396 Thread 0x000001e558095800 DEOPT PACKING pc=0x000001e545fa1a54 sp=0x0000005381ffbcd0
Event: 3997.396 Thread 0x000001e558095800 DEOPT UNPACKING pc=0x000001e53e3678af sp=0x0000005381ffbc40 mode 2
Event: 3997.396 Thread 0x000001e558095800 Uncommon trap: trap_request=0xffffffde fr.pc=0x000001e545fa0454 relative=0x0000000000000514
Event: 3997.396 Thread 0x000001e558095800 Uncommon trap: reason=class_check action=maybe_recompile pc=0x000001e545fa0454 method=java.lang.Throwable.<init>(Ljava/lang/String;Ljava/lang/Throwable;)V @ 24 c2
Event: 3997.396 Thread 0x000001e558095800 DEOPT PACKING pc=0x000001e545fa0454 sp=0x0000005381ffba80
Event: 3997.396 Thread 0x000001e558095800 DEOPT UNPACKING pc=0x000001e53e3678af sp=0x0000005381ffba60 mode 2
Event: 3997.582 Thread 0x000001e558095800 DEOPT PACKING pc=0x000001e53f4a97cd sp=0x0000005381ff96c0
Event: 3997.582 Thread 0x000001e558095800 DEOPT UNPACKING pc=0x000001e53e3676ce sp=0x0000005381ff8c60 mode 0

Classes redefined (0 events):
No events

Internal exceptions (20 events):
Event: 3997.061 Thread 0x000001e558095800 Exception <a 'java/lang/ClassNotFoundException'{0x000000008be05830}: java/util/AbstractSetCustomizer> (0x000000008be05830) thrown at [./src/hotspot/share/classfile/systemDictionary.cpp, line 231]
Event: 3997.062 Thread 0x000001e558095800 Exception <a 'java/lang/ClassNotFoundException'{0x000000008be13990}: java/util/HashSetCustomizer> (0x000000008be13990) thrown at [./src/hotspot/share/classfile/systemDictionary.cpp, line 231]
Event: 3997.063 Thread 0x000001e558095800 Exception <a 'java/lang/ClassNotFoundException'{0x000000008be25640}: java/util/LinkedHashSetCustomizer> (0x000000008be25640) thrown at [./src/hotspot/share/classfile/systemDictionary.cpp, line 231]
Event: 3997.072 Thread 0x000001e558095800 Exception <a 'java/lang/ClassNotFoundException'{0x000000008bd2faa0}: com/android/build/gradle/tasks/factory/AndroidUnitTest_DecoratedBeanInfo> (0x000000008bd2faa0) thrown at [./src/hotspot/share/classfile/systemDictionary.cpp, line 231]
Event: 3997.073 Thread 0x000001e558095800 Exception <a 'java/lang/ClassNotFoundException'{0x000000008bd48848}: com/android/build/gradle/tasks/factory/AndroidUnitTestBeanInfo> (0x000000008bd48848) thrown at [./src/hotspot/share/classfile/systemDictionary.cpp, line 231]
Event: 3997.074 Thread 0x000001e558095800 Exception <a 'java/lang/ClassNotFoundException'{0x000000008bd66d18}: org/gradle/api/tasks/testing/TestBeanInfo> (0x000000008bd66d18) thrown at [./src/hotspot/share/classfile/systemDictionary.cpp, line 231]
Event: 3997.074 Thread 0x000001e558095800 Exception <a 'java/lang/ClassNotFoundException'{0x000000008bd891e0}: org/gradle/api/tasks/testing/AbstractTestTaskBeanInfo> (0x000000008bd891e0) thrown at [./src/hotspot/share/classfile/systemDictionary.cpp, line 231]
Event: 3997.075 Thread 0x000001e558095800 Exception <a 'java/lang/ClassNotFoundException'{0x000000008bdab798}: org/gradle/api/tasks/testing/AbstractTestTaskCustomizer> (0x000000008bdab798) thrown at [./src/hotspot/share/classfile/systemDictionary.cpp, line 231]
Event: 3997.082 Thread 0x000001e558095800 Exception <a 'java/lang/ClassNotFoundException'{0x000000008b97b320}: org/gradle/api/tasks/testing/TestCustomizer> (0x000000008b97b320) thrown at [./src/hotspot/share/classfile/systemDictionary.cpp, line 231]
Event: 3997.087 Thread 0x000001e558095800 Exception <a 'java/lang/ClassNotFoundException'{0x000000008b831c98}: com/android/build/gradle/tasks/factory/AndroidUnitTestCustomizer> (0x000000008b831c98) thrown at [./src/hotspot/share/classfile/systemDictionary.cpp, line 231]
Event: 3997.088 Thread 0x000001e558095800 Exception <a 'java/lang/ClassNotFoundException'{0x000000008b867598}: com/android/build/gradle/tasks/factory/AndroidUnitTest_DecoratedCustomizer> (0x000000008b867598) thrown at [./src/hotspot/share/classfile/systemDictionary.cpp, line 231]
Event: 3997.104 Thread 0x000001e558095800 Exception <a 'java/lang/ClassNotFoundException'{0x000000008b581840}: org/gradle/api/internal/tasks/DefaultSourceSetContainer_DecoratedBeanInfo> (0x000000008b581840) thrown at [./src/hotspot/share/classfile/systemDictionary.cpp, line 231]
Event: 3997.105 Thread 0x000001e558095800 Exception <a 'java/lang/ClassNotFoundException'{0x000000008b5a4880}: org/gradle/api/internal/tasks/DefaultSourceSetContainerBeanInfo> (0x000000008b5a4880) thrown at [./src/hotspot/share/classfile/systemDictionary.cpp, line 231]
Event: 3997.106 Thread 0x000001e558095800 Exception <a 'java/lang/ClassNotFoundException'{0x000000008b5c7918}: org/gradle/api/internal/tasks/DefaultSourceSetContainerCustomizer> (0x000000008b5c7918) thrown at [./src/hotspot/share/classfile/systemDictionary.cpp, line 231]
Event: 3997.108 Thread 0x000001e558095800 Exception <a 'java/lang/ClassNotFoundException'{0x000000008b5f96d0}: org/gradle/api/internal/tasks/DefaultSourceSetContainer_DecoratedCustomizer> (0x000000008b5f96d0) thrown at [./src/hotspot/share/classfile/systemDictionary.cpp, line 231]
Event: 3997.498 Thread 0x000001e558095800 Exception <a 'sun/nio/fs/WindowsException'{0x000000008be7f9b8}> (0x000000008be7f9b8) thrown at [./src/hotspot/share/prims/jni.cpp, line 615]
Event: 3997.527 Thread 0x000001e558095800 Exception <a 'sun/nio/fs/WindowsException'{0x000000008bd23ce0}> (0x000000008bd23ce0) thrown at [./src/hotspot/share/prims/jni.cpp, line 615]
Event: 3997.528 Thread 0x000001e558095800 Exception <a 'sun/nio/fs/WindowsException'{0x000000008bd24ef0}> (0x000000008bd24ef0) thrown at [./src/hotspot/share/prims/jni.cpp, line 615]
Event: 3997.528 Thread 0x000001e558095800 Exception <a 'sun/nio/fs/WindowsException'{0x000000008bd26150}> (0x000000008bd26150) thrown at [./src/hotspot/share/prims/jni.cpp, line 615]
Event: 3997.528 Thread 0x000001e558095800 Exception <a 'sun/nio/fs/WindowsException'{0x000000008bd273b0}> (0x000000008bd273b0) thrown at [./src/hotspot/share/prims/jni.cpp, line 615]

Events (20 events):
Event: 3997.650 loading class com/google/common/collect/BiMap
Event: 3997.650 loading class com/google/common/collect/BiMap done
Event: 3997.651 loading class com/google/common/collect/ImmutableBiMapFauxverideShim
Event: 3997.651 loading class com/google/common/collect/ImmutableBiMapFauxverideShim done
Event: 3997.652 loading class com/google/common/collect/ImmutableMap$1
Event: 3997.652 loading class com/google/common/collect/ImmutableMap$1 done
Event: 3997.653 loading class com/google/common/collect/ImmutableMap$MapViewOfValuesAsSingletonSets
Event: 3997.653 loading class com/google/common/collect/ImmutableMap$MapViewOfValuesAsSingletonSets done
Event: 3997.654 loading class com/google/common/collect/ImmutableMap$IteratorBasedImmutableMap
Event: 3997.654 loading class com/google/common/collect/ImmutableMap$IteratorBasedImmutableMap done
Event: 3997.655 loading class com/google/common/collect/Iterables
Event: 3997.655 loading class com/google/common/collect/Iterables done
Event: 3997.658 loading class com/google/common/base/Function
Event: 3997.658 loading class com/google/common/base/Function done
Event: 3997.658 loading class com/google/common/collect/RegularImmutableMap
Event: 3997.658 loading class com/google/common/collect/RegularImmutableMap done
Event: 3997.660 loading class com/google/common/collect/RegularImmutableMap$Values
Event: 3997.660 loading class com/google/common/collect/RegularImmutableMap$Values done
Event: 3997.661 loading class com/google/common/collect/ImmutableSet
Event: 3997.661 loading class com/google/common/collect/ImmutableSet done


Dynamic libraries:
0x00007ff62ded0000 - 0x00007ff62deda000 	C:\Program Files\Android\Android Studio\jre\bin\java.exe
0x00007ffa2a080000 - 0x00007ffa2a270000 	C:\WINDOWS\SYSTEM32\ntdll.dll
0x00007ffa29280000 - 0x00007ffa29332000 	C:\WINDOWS\System32\KERNEL32.DLL
0x00007ffa27cc0000 - 0x00007ffa27f65000 	C:\WINDOWS\System32\KERNELBASE.dll
0x00007ffa27440000 - 0x00007ffa2753a000 	C:\WINDOWS\System32\ucrtbase.dll
0x00007ffa1fa50000 - 0x00007ffa1fa69000 	C:\Program Files\Android\Android Studio\jre\bin\jli.dll
0x00007ffa1dc70000 - 0x00007ffa1dc87000 	C:\Program Files\Android\Android Studio\jre\bin\VCRUNTIME140.dll
0x00007ffa29470000 - 0x00007ffa29604000 	C:\WINDOWS\System32\USER32.dll
0x00007ffa28080000 - 0x00007ffa280a1000 	C:\WINDOWS\System32\win32u.dll
0x00007ffa288a0000 - 0x00007ffa288c6000 	C:\WINDOWS\System32\GDI32.dll
0x00007ffa15c70000 - 0x00007ffa15ef4000 	C:\WINDOWS\WinSxS\amd64_microsoft.windows.common-controls_6595b64144ccf1df_6.0.18362.1556_none_9e7e372fe45e41d5\COMCTL32.dll
0x00007ffa26ff0000 - 0x00007ffa27188000 	C:\WINDOWS\System32\gdi32full.dll
0x00007ffa29120000 - 0x00007ffa291be000 	C:\WINDOWS\System32\msvcrt.dll
0x00007ffa27240000 - 0x00007ffa272de000 	C:\WINDOWS\System32\msvcp_win.dll
0x00007ffa29cd0000 - 0x00007ffa2a006000 	C:\WINDOWS\System32\combase.dll
0x00007ffa29a10000 - 0x00007ffa29b2f000 	C:\WINDOWS\System32\RPCRT4.dll
0x00007ffa27ff0000 - 0x00007ffa28071000 	C:\WINDOWS\System32\bcryptPrimitives.dll
0x00007ffa299e0000 - 0x00007ffa29a0e000 	C:\WINDOWS\System32\IMM32.DLL
0x00007ff9fc330000 - 0x00007ff9fc3cd000 	C:\Program Files\Android\Android Studio\jre\bin\msvcp140.dll
0x00007ff9ea0f0000 - 0x00007ff9eabbf000 	C:\Program Files\Android\Android Studio\jre\bin\server\jvm.dll
0x00007ffa293c0000 - 0x00007ffa29463000 	C:\WINDOWS\System32\ADVAPI32.dll
0x00007ffa29b30000 - 0x00007ffa29bc7000 	C:\WINDOWS\System32\sechost.dll
0x00007ffa29bf0000 - 0x00007ffa29bf8000 	C:\WINDOWS\System32\PSAPI.DLL
0x00007ffa11aa0000 - 0x00007ffa11aa9000 	C:\WINDOWS\SYSTEM32\WSOCK32.dll
0x00007ffa24e60000 - 0x00007ffa24e84000 	C:\WINDOWS\SYSTEM32\WINMM.dll
0x00007ffa1dc90000 - 0x00007ffa1dc9a000 	C:\WINDOWS\SYSTEM32\VERSION.dll
0x00007ffa29610000 - 0x00007ffa2967f000 	C:\WINDOWS\System32\WS2_32.dll
0x00007ffa249e0000 - 0x00007ffa24a0d000 	C:\WINDOWS\SYSTEM32\WINMMBASE.dll
0x00007ffa280b0000 - 0x00007ffa280fa000 	C:\WINDOWS\System32\cfgmgr32.dll
0x00007ffa26fa0000 - 0x00007ffa26fb1000 	C:\WINDOWS\System32\kernel.appcore.dll
0x00007ffa1d140000 - 0x00007ffa1d151000 	C:\Program Files\Android\Android Studio\jre\bin\verify.dll
0x00007ffa14600000 - 0x00007ffa147f4000 	C:\WINDOWS\SYSTEM32\DBGHELP.DLL
0x00007ffa134a0000 - 0x00007ffa134ca000 	C:\WINDOWS\SYSTEM32\dbgcore.DLL
0x00007ffa1cd60000 - 0x00007ffa1cd89000 	C:\Program Files\Android\Android Studio\jre\bin\java.dll
0x00007ffa21d60000 - 0x00007ffa21d6b000 	C:\Program Files\Android\Android Studio\jre\bin\jimage.dll
0x00007ffa1cd40000 - 0x00007ffa1cd58000 	C:\Program Files\Android\Android Studio\jre\bin\zip.dll
0x00007ffa281b0000 - 0x00007ffa28897000 	C:\WINDOWS\System32\SHELL32.dll
0x00007ffa28100000 - 0x00007ffa281a8000 	C:\WINDOWS\System32\shcore.dll
0x00007ffa27540000 - 0x00007ffa27cbb000 	C:\WINDOWS\System32\windows.storage.dll
0x00007ffa26f60000 - 0x00007ffa26f7e000 	C:\WINDOWS\System32\profapi.dll
0x00007ffa26f10000 - 0x00007ffa26f5a000 	C:\WINDOWS\System32\powrprof.dll
0x00007ffa26f00000 - 0x00007ffa26f10000 	C:\WINDOWS\System32\UMPDC.dll
0x00007ffa29980000 - 0x00007ffa299d2000 	C:\WINDOWS\System32\shlwapi.dll
0x00007ffa27fd0000 - 0x00007ffa27fe7000 	C:\WINDOWS\System32\cryptsp.dll
0x00007ffa1cd20000 - 0x00007ffa1cd3a000 	C:\Program Files\Android\Android Studio\jre\bin\net.dll
0x00007ffa19f80000 - 0x00007ffa1a07a000 	C:\WINDOWS\SYSTEM32\WINHTTP.dll
0x00007ffa266e0000 - 0x00007ffa26747000 	C:\WINDOWS\system32\mswsock.dll
0x00007ffa1cd00000 - 0x00007ffa1cd14000 	C:\Program Files\Android\Android Studio\jre\bin\nio.dll
0x00007ffa21d10000 - 0x00007ffa21d37000 	C:\Users\HONOR\.gradle\native\8bec1ad78214c89d9ad589b4d07fe93259594b29d510b10fafb7a158f7737e5d\windows-amd64\native-platform.dll
0x00007ffa1d3b0000 - 0x00007ffa1d4ed000 	C:\Users\HONOR\.gradle\native\53dbd7edfb1c66fb8903c78663c9afc45aea4f116125fa6feffd364cf09443e8\windows-amd64\native-platform-file-events.dll
0x00007ffa1f2a0000 - 0x00007ffa1f2aa000 	C:\Program Files\Android\Android Studio\jre\bin\management.dll
0x00007ffa1de30000 - 0x00007ffa1de3c000 	C:\Program Files\Android\Android Studio\jre\bin\management_ext.dll
0x00007ffa26260000 - 0x00007ffa26293000 	C:\WINDOWS\system32\rsaenh.dll
0x00007ffa26fc0000 - 0x00007ffa26fe6000 	C:\WINDOWS\System32\bcrypt.dll
0x00007ffa26df0000 - 0x00007ffa26e15000 	C:\WINDOWS\SYSTEM32\USERENV.dll
0x00007ffa268b0000 - 0x00007ffa268bc000 	C:\WINDOWS\SYSTEM32\CRYPTBASE.dll
0x00007ffa263f0000 - 0x00007ffa2642a000 	C:\WINDOWS\SYSTEM32\IPHLPAPI.DLL
0x00007ffa291c0000 - 0x00007ffa291c8000 	C:\WINDOWS\System32\NSI.dll
0x00007ffa1e240000 - 0x00007ffa1e256000 	C:\WINDOWS\SYSTEM32\dhcpcsvc6.DLL
0x00007ffa1e1e0000 - 0x00007ffa1e1fc000 	C:\WINDOWS\SYSTEM32\dhcpcsvc.DLL
0x00007ffa26430000 - 0x00007ffa264fb000 	C:\WINDOWS\SYSTEM32\DNSAPI.dll
0x00007ffa1b6c0000 - 0x00007ffa1b6e7000 	C:\Program Files\Android\Android Studio\jre\bin\sunec.dll

dbghelp: loaded successfully - version: 4.0.5 - missing functions: none
symbol engine: initialized successfully - sym options: 0x614 - pdb path: .;C:\Program Files\Android\Android Studio\jre\bin;C:\WINDOWS\SYSTEM32;C:\WINDOWS\WinSxS\amd64_microsoft.windows.common-controls_6595b64144ccf1df_6.0.18362.1556_none_9e7e372fe45e41d5;C:\Program Files\Android\Android Studio\jre\bin\server;C:\Users\HONOR\.gradle\native\8bec1ad78214c89d9ad589b4d07fe93259594b29d510b10fafb7a158f7737e5d\windows-amd64;C:\Users\HONOR\.gradle\native\53dbd7edfb1c66fb8903c78663c9afc45aea4f116125fa6feffd364cf09443e8\windows-amd64

VM Arguments:
jvm_args: --add-opens=java.base/java.util=ALL-UNNAMED --add-opens=java.base/java.lang=ALL-UNNAMED --add-opens=java.base/java.lang.invoke=ALL-UNNAMED --add-opens=java.base/java.util=ALL-UNNAMED --add-opens=java.prefs/java.util.prefs=ALL-UNNAMED --add-opens=java.prefs/java.util.prefs=ALL-UNNAMED --add-opens=java.base/java.nio.charset=ALL-UNNAMED --add-opens=java.base/java.net=ALL-UNNAMED --add-opens=java.base/java.util.concurrent.atomic=ALL-UNNAMED -Xmx2048m -Dfile.encoding=UTF-8 -Duser.country=RU -Duser.language=ru -Duser.variant 
java_command: org.gradle.launcher.daemon.bootstrap.GradleDaemon 7.0.2
java_class_path (initial): C:\Users\HONOR\.gradle\wrapper\dists\gradle-7.0.2-bin\857tjihv64xamwrf0h14cai3r\gradle-7.0.2\lib\gradle-launcher-7.0.2.jar
Launcher Type: SUN_STANDARD

[Global flags]
     intx CICompilerCount                          = 4                                         {product} {ergonomic}
     uint ConcGCThreads                            = 2                                         {product} {ergonomic}
     uint G1ConcRefinementThreads                  = 8                                         {product} {ergonomic}
   size_t G1HeapRegionSize                         = 1048576                                   {product} {ergonomic}
    uintx GCDrainStackTargetSize                   = 64                                        {product} {ergonomic}
   size_t InitialHeapSize                          = 117440512                                 {product} {ergonomic}
   size_t MarkStackSize                            = 4194304                                   {product} {ergonomic}
   size_t MaxHeapSize                              = 2147483648                                {product} {command line}
   size_t MaxNewSize                               = 1287651328                                {product} {ergonomic}
   size_t MinHeapDeltaBytes                        = 1048576                                   {product} {ergonomic}
    uintx NonNMethodCodeHeapSize                   = 5836300                                {pd product} {ergonomic}
    uintx NonProfiledCodeHeapSize                  = 122910970                              {pd product} {ergonomic}
    uintx ProfiledCodeHeapSize                     = 122910970                              {pd product} {ergonomic}
    uintx ReservedCodeCacheSize                    = 251658240                              {pd product} {ergonomic}
     bool SegmentedCodeCache                       = true                                      {product} {ergonomic}
     bool UseCompressedClassPointers               = true                                 {lp64_product} {ergonomic}
     bool UseCompressedOops                        = true                                 {lp64_product} {ergonomic}
     bool UseG1GC                                  = true                                      {product} {ergonomic}
     bool UseLargePagesIndividualAllocation        = false                                  {pd product} {ergonomic}

Logging:
Log output configuration:
 #0: stdout all=warning uptime,level,tags
 #1: stderr all=off uptime,level,tags

Environment Variables:
JAVA_HOME=C:\Program Files\Java\jdk1.8.0_231
PATH=C:\Program Files\Common Files\Oracle\Java\javapath;C:\Users\HONOR\gcc\bin;C:\Users\HONOR\gcc\libexec\gcc\x86_64-w64-mingw32\8.3.0;C:\Program Files (x86)\Common Files\Oracle\Java\javapath;C:\ProgramData\Oracle\Java\javapath;C:\WINDOWS\system32;C:\WINDOWS;C:\WINDOWS\System32\Wbem;C:\WINDOWS\System32\WindowsPowerShell\v1.0\;C:\WINDOWS\System32\OpenSSH\;C:\Program Files\Intel\WiFi\bin\;C:\Program Files\Common Files\Intel\WirelessCommon\;C:\Program Files\dotnet\;C:\Program Files\Java\jdk1.8.0_231\bin;D:\;C:\Program Files\nodejs\;C:\Program Files (x86)\dotnet\;C:\Program Files\Git\cmd;C:\Program Files\MySQL\MySQL Shell 8.0\bin\;C:\Users\HONOR\AppData\Local\Android\Sdk\platform-tools;C:\Users\HONOR\AppData\Local\Android\Sdk\tools;C:\Users\HONOR\AppData\Local\Programs\Python\Python38-32\Scripts\;C:\Users\HONOR\AppData\Local\Programs\Python\Python38-32\;C:\Program Files\Java\jdk1.8.0_231\bin;D:\Microsoft VS Code\bin;C:\Users\HONOR\.dotnet\tools;C:\Users\HONOR\AppData\Local\Microsoft\WindowsApps;C:\Program Files\Tesseract-OCR\tesseract.exe;C:\Program Files\JetBrains\PyCharm Community Edition 2020.2.3\bin;C:\Users\HONOR\.dotnet\tools;C:\Users\HONOR\AppData\Roaming\npm;C:\Users\HONOR\AppData\Local\JetBrains\Toolbox\scripts;
USERNAME=HONOR
OS=Windows_NT
PROCESSOR_IDENTIFIER=AMD64 Family 23 Model 17 Stepping 0, AuthenticAMD



---------------  S Y S T E M  ---------------

OS: Windows 10 , 64 bit Build 18362 (10.0.18362.1500)
OS uptime: 81 days 14:55 hours

CPU:total 8 (initial active 8) (8 cores per cpu, 2 threads per core) family 23 model 17 stepping 0 microcode 0x0, cmov, cx8, fxsr, mmx, sse, sse2, sse3, ssse3, sse4.1, sse4.2, popcnt, avx, avx2, aes, clmul, mmxext, 3dnowpref, lzcnt, sse4a, ht, tsc, tscinvbit, tscinv, bmi1, bmi2, adx, s

Memory: 4k page, system-wide physical 7069M (349M free)
TotalPageFile size 20416M (AvailPageFile size 9M)
current process WorkingSet (physical memory assigned to process): 429M, peak: 438M
current process commit charge ("private bytes"): 588M, peak: 594M

vm_info: OpenJDK 64-Bit Server VM (11.0.10+0-b96-7249189) for windows-amd64 JRE (11.0.10+0-b96-7249189), built on Mar 31 2021 21:44:00 by "builder" with MS VC++ 14.0 (VS2015)

END.
